{"/Users/allenhuo/Documents/code/bereal-one/app/capture.tsx": {"path":"/Users/allenhuo/Documents/code/bereal-one/app/capture.tsx","statementMap":{"0":{"start":{"line":10,"column":42},"end":{"line":10,"column":64}},"1":{"start":{"line":11,"column":40},"end":{"line":11,"column":53}},"2":{"start":{"line":12,"column":36},"end":{"line":12,"column":65}},"3":{"start":{"line":13,"column":36},"end":{"line":13,"column":51}},"4":{"start":{"line":14,"column":40},"end":{"line":14,"column":55}},"5":{"start":{"line":15,"column":20},"end":{"line":15,"column":51}},"6":{"start":{"line":16,"column":30},"end":{"line":16,"column":65}},"7":{"start":{"line":17,"column":40},"end":{"line":17,"column":69}},"8":{"start":{"line":18,"column":28},"end":{"line":18,"column":37}},"9":{"start":{"line":19,"column":32},"end":{"line":19,"column":47}},"10":{"start":{"line":20,"column":17},"end":{"line":20,"column":28}},"11":{"start":{"line":22,"column":2},"end":{"line":26,"column":19}},"12":{"start":{"line":23,"column":4},"end":{"line":25,"column":5}},"13":{"start":{"line":24,"column":6},"end":{"line":24,"column":26}},"14":{"start":{"line":28,"column":2},"end":{"line":34,"column":18}},"15":{"start":{"line":29,"column":14},"end":{"line":31,"column":12}},"16":{"start":{"line":30,"column":6},"end":{"line":30,"column":49}},"17":{"start":{"line":30,"column":29},"end":{"line":30,"column":46}},"18":{"start":{"line":32,"column":4},"end":{"line":32,"column":53}},"19":{"start":{"line":32,"column":28},"end":{"line":32,"column":53}},"20":{"start":{"line":33,"column":4},"end":{"line":33,"column":34}},"21":{"start":{"line":33,"column":17},"end":{"line":33,"column":33}},"22":{"start":{"line":36,"column":2},"end":{"line":38,"column":13}},"23":{"start":{"line":37,"column":4},"end":{"line":37,"column":61}},"24":{"start":{"line":40,"column":16},"end":{"line":40,"column":69}},"25":{"start":{"line":40,"column":32},"end":{"line":40,"column":69}},"26":{"start":{"line":40,"column":51},"end":{"line":40,"column":68}},"27":{"start":{"line":42,"column":24},"end":{"line":68,"column":3}},"28":{"start":{"line":43,"column":4},"end":{"line":43,"column":28}},"29":{"start":{"line":43,"column":21},"end":{"line":43,"column":28}},"30":{"start":{"line":44,"column":4},"end":{"line":44,"column":25}},"31":{"start":{"line":45,"column":4},"end":{"line":67,"column":5}},"32":{"start":{"line":46,"column":22},"end":{"line":46,"column":81}},"33":{"start":{"line":47,"column":26},"end":{"line":47,"column":60}},"34":{"start":{"line":48,"column":18},"end":{"line":48,"column":42}},"35":{"start":{"line":49,"column":6},"end":{"line":49,"column":23}},"36":{"start":{"line":49,"column":16},"end":{"line":49,"column":23}},"37":{"start":{"line":51,"column":6},"end":{"line":64,"column":7}},"38":{"start":{"line":53,"column":22},"end":{"line":53,"column":80}},"39":{"start":{"line":54,"column":8},"end":{"line":54,"column":37}},"40":{"start":{"line":55,"column":8},"end":{"line":55,"column":26}},"41":{"start":{"line":56,"column":8},"end":{"line":56,"column":25}},"42":{"start":{"line":59,"column":21},"end":{"line":59,"column":79}},"43":{"start":{"line":60,"column":8},"end":{"line":60,"column":76}},"44":{"start":{"line":61,"column":8},"end":{"line":61,"column":27}},"45":{"start":{"line":63,"column":8},"end":{"line":63,"column":51}},"46":{"start":{"line":63,"column":25},"end":{"line":63,"column":44}},"47":{"start":{"line":66,"column":6},"end":{"line":66,"column":28}},"48":{"start":{"line":70,"column":2},"end":{"line":77,"column":3}},"49":{"start":{"line":71,"column":4},"end":{"line":76,"column":6}},"50":{"start":{"line":74,"column":41},"end":{"line":74,"column":65}},"51":{"start":{"line":79,"column":2},"end":{"line":85,"column":3}},"52":{"start":{"line":80,"column":4},"end":{"line":84,"column":6}},"53":{"start":{"line":87,"column":2},"end":{"line":103,"column":4}}},"fnMap":{"0":{"name":"CaptureScreen","decl":{"start":{"line":9,"column":24},"end":{"line":9,"column":37}},"loc":{"start":{"line":9,"column":40},"end":{"line":104,"column":1}},"line":9},"1":{"name":"(anonymous_1)","decl":{"start":{"line":22,"column":12},"end":{"line":22,"column":13}},"loc":{"start":{"line":22,"column":18},"end":{"line":26,"column":3}},"line":22},"2":{"name":"(anonymous_2)","decl":{"start":{"line":28,"column":12},"end":{"line":28,"column":13}},"loc":{"start":{"line":28,"column":18},"end":{"line":34,"column":3}},"line":28},"3":{"name":"(anonymous_3)","decl":{"start":{"line":29,"column":26},"end":{"line":29,"column":27}},"loc":{"start":{"line":29,"column":32},"end":{"line":31,"column":5}},"line":29},"4":{"name":"(anonymous_4)","decl":{"start":{"line":30,"column":21},"end":{"line":30,"column":22}},"loc":{"start":{"line":30,"column":29},"end":{"line":30,"column":46}},"line":30},"5":{"name":"(anonymous_5)","decl":{"start":{"line":33,"column":11},"end":{"line":33,"column":12}},"loc":{"start":{"line":33,"column":17},"end":{"line":33,"column":33}},"line":33},"6":{"name":"(anonymous_6)","decl":{"start":{"line":36,"column":12},"end":{"line":36,"column":13}},"loc":{"start":{"line":36,"column":18},"end":{"line":38,"column":3}},"line":36},"7":{"name":"(anonymous_7)","decl":{"start":{"line":40,"column":16},"end":{"line":40,"column":17}},"loc":{"start":{"line":40,"column":32},"end":{"line":40,"column":69}},"line":40},"8":{"name":"(anonymous_8)","decl":{"start":{"line":40,"column":44},"end":{"line":40,"column":45}},"loc":{"start":{"line":40,"column":51},"end":{"line":40,"column":68}},"line":40},"9":{"name":"(anonymous_9)","decl":{"start":{"line":42,"column":24},"end":{"line":42,"column":25}},"loc":{"start":{"line":42,"column":36},"end":{"line":68,"column":3}},"line":42},"10":{"name":"(anonymous_10)","decl":{"start":{"line":63,"column":19},"end":{"line":63,"column":20}},"loc":{"start":{"line":63,"column":25},"end":{"line":63,"column":44}},"line":63},"11":{"name":"(anonymous_11)","decl":{"start":{"line":74,"column":35},"end":{"line":74,"column":36}},"loc":{"start":{"line":74,"column":41},"end":{"line":74,"column":65}},"line":74}},"branchMap":{"0":{"loc":{"start":{"line":23,"column":4},"end":{"line":25,"column":5}},"type":"if","locations":[{"start":{"line":23,"column":4},"end":{"line":25,"column":5}},{"start":{},"end":{}}],"line":23},"1":{"loc":{"start":{"line":30,"column":29},"end":{"line":30,"column":46}},"type":"cond-expr","locations":[{"start":{"line":30,"column":37},"end":{"line":30,"column":42}},{"start":{"line":30,"column":45},"end":{"line":30,"column":46}}],"line":30},"2":{"loc":{"start":{"line":32,"column":4},"end":{"line":32,"column":53}},"type":"if","locations":[{"start":{"line":32,"column":4},"end":{"line":32,"column":53}},{"start":{},"end":{}}],"line":32},"3":{"loc":{"start":{"line":43,"column":4},"end":{"line":43,"column":28}},"type":"if","locations":[{"start":{"line":43,"column":4},"end":{"line":43,"column":28}},{"start":{},"end":{}}],"line":43},"4":{"loc":{"start":{"line":46,"column":22},"end":{"line":46,"column":81}},"type":"cond-expr","locations":[{"start":{"line":46,"column":34},"end":{"line":46,"column":77}},{"start":{"line":46,"column":80},"end":{"line":46,"column":81}}],"line":46},"5":{"loc":{"start":{"line":47,"column":26},"end":{"line":47,"column":60}},"type":"cond-expr","locations":[{"start":{"line":47,"column":43},"end":{"line":47,"column":44}},{"start":{"line":47,"column":47},"end":{"line":47,"column":60}}],"line":47},"6":{"loc":{"start":{"line":49,"column":6},"end":{"line":49,"column":23}},"type":"if","locations":[{"start":{"line":49,"column":6},"end":{"line":49,"column":23}},{"start":{},"end":{}}],"line":49},"7":{"loc":{"start":{"line":51,"column":6},"end":{"line":64,"column":7}},"type":"if","locations":[{"start":{"line":51,"column":6},"end":{"line":64,"column":7}},{"start":{"line":57,"column":13},"end":{"line":64,"column":7}}],"line":51},"8":{"loc":{"start":{"line":70,"column":2},"end":{"line":77,"column":3}},"type":"if","locations":[{"start":{"line":70,"column":2},"end":{"line":77,"column":3}},{"start":{},"end":{}}],"line":70},"9":{"loc":{"start":{"line":70,"column":6},"end":{"line":70,"column":23}},"type":"binary-expr","locations":[{"start":{"line":70,"column":6},"end":{"line":70,"column":14}},{"start":{"line":70,"column":18},"end":{"line":70,"column":23}}],"line":70},"10":{"loc":{"start":{"line":79,"column":2},"end":{"line":85,"column":3}},"type":"if","locations":[{"start":{"line":79,"column":2},"end":{"line":85,"column":3}},{"start":{},"end":{}}],"line":79},"11":{"loc":{"start":{"line":91,"column":9},"end":{"line":91,"column":98}},"type":"cond-expr","locations":[{"start":{"line":91,"column":24},"end":{"line":91,"column":60}},{"start":{"line":91,"column":63},"end":{"line":91,"column":98}}],"line":91},"12":{"loc":{"start":{"line":98,"column":11},"end":{"line":98,"column":89}},"type":"cond-expr","locations":[{"start":{"line":98,"column":25},"end":{"line":98,"column":37}},{"start":{"line":98,"column":41},"end":{"line":98,"column":88}}],"line":98},"13":{"loc":{"start":{"line":98,"column":41},"end":{"line":98,"column":88}},"type":"cond-expr","locations":[{"start":{"line":98,"column":56},"end":{"line":98,"column":71}},{"start":{"line":98,"column":74},"end":{"line":98,"column":88}}],"line":98},"14":{"loc":{"start":{"line":101,"column":7},"end":{"line":101,"column":85}},"type":"binary-expr","locations":[{"start":{"line":101,"column":7},"end":{"line":101,"column":16}},{"start":{"line":101,"column":20},"end":{"line":101,"column":85}}],"line":101}},"s":{"0":0,"1":0,"2":0,"3":0,"4":0,"5":0,"6":0,"7":0,"8":0,"9":0,"10":0,"11":0,"12":0,"13":0,"14":0,"15":0,"16":0,"17":0,"18":0,"19":0,"20":0,"21":0,"22":0,"23":0,"24":0,"25":0,"26":0,"27":0,"28":0,"29":0,"30":0,"31":0,"32":0,"33":0,"34":0,"35":0,"36":0,"37":0,"38":0,"39":0,"40":0,"41":0,"42":0,"43":0,"44":0,"45":0,"46":0,"47":0,"48":0,"49":0,"50":0,"51":0,"52":0,"53":0},"f":{"0":0,"1":0,"2":0,"3":0,"4":0,"5":0,"6":0,"7":0,"8":0,"9":0,"10":0,"11":0},"b":{"0":[0,0],"1":[0,0],"2":[0,0],"3":[0,0],"4":[0,0],"5":[0,0],"6":[0,0],"7":[0,0],"8":[0,0],"9":[0,0],"10":[0,0],"11":[0,0],"12":[0,0],"13":[0,0],"14":[0,0]},"_coverageSchema":"1a1c01bbd47fc00a2c39e90264f33305004495a9","hash":"b1891c1abb22837b2658cf2b04a0d19c23ddfd7e"}
,"/Users/allenhuo/Documents/code/bereal-one/app/index.tsx": {"path":"/Users/allenhuo/Documents/code/bereal-one/app/index.tsx","statementMap":{"0":{"start":{"line":13,"column":17},"end":{"line":13,"column":28}},"1":{"start":{"line":14,"column":28},"end":{"line":14,"column":97}},"2":{"start":{"line":15,"column":28},"end":{"line":15,"column":37}},"3":{"start":{"line":16,"column":38},"end":{"line":16,"column":59}},"4":{"start":{"line":17,"column":38},"end":{"line":17,"column":59}},"5":{"start":{"line":18,"column":28},"end":{"line":18,"column":65}},"6":{"start":{"line":20,"column":2},"end":{"line":22,"column":9}},"7":{"start":{"line":21,"column":4},"end":{"line":21,"column":54}},"8":{"start":{"line":24,"column":2},"end":{"line":28,"column":20}},"9":{"start":{"line":25,"column":4},"end":{"line":25,"column":36}},"10":{"start":{"line":26,"column":4},"end":{"line":26,"column":28}},"11":{"start":{"line":27,"column":4},"end":{"line":27,"column":88}},"12":{"start":{"line":27,"column":46},"end":{"line":27,"column":86}},"13":{"start":{"line":30,"column":2},"end":{"line":32,"column":13}},"14":{"start":{"line":31,"column":4},"end":{"line":31,"column":64}},"15":{"start":{"line":34,"column":2},"end":{"line":43,"column":4}},"16":{"start":{"line":37,"column":6},"end":{"line":37,"column":30}},"17":{"start":{"line":38,"column":6},"end":{"line":38,"column":90}},"18":{"start":{"line":38,"column":48},"end":{"line":38,"column":88}},"19":{"start":{"line":40,"column":6},"end":{"line":40,"column":81}},"20":{"start":{"line":40,"column":23},"end":{"line":40,"column":76}},"21":{"start":{"line":41,"column":6},"end":{"line":41,"column":22}},"22":{"start":{"line":45,"column":19},"end":{"line":47,"column":3}},"23":{"start":{"line":46,"column":4},"end":{"line":46,"column":88}},"24":{"start":{"line":46,"column":46},"end":{"line":46,"column":86}},"25":{"start":{"line":49,"column":44},"end":{"line":49,"column":133}},"26":{"start":{"line":51,"column":32},"end":{"line":58,"column":3}},"27":{"start":{"line":52,"column":4},"end":{"line":52,"column":22}},"28":{"start":{"line":52,"column":15},"end":{"line":52,"column":22}},"29":{"start":{"line":53,"column":91},"end":{"line":53,"column":93}},"30":{"start":{"line":54,"column":4},"end":{"line":56,"column":5}},"31":{"start":{"line":55,"column":6},"end":{"line":55,"column":73}},"32":{"start":{"line":57,"column":4},"end":{"line":57,"column":58}},"33":{"start":{"line":57,"column":32},"end":{"line":57,"column":55}},"34":{"start":{"line":60,"column":2},"end":{"line":62,"column":20}},"35":{"start":{"line":61,"column":4},"end":{"line":61,"column":33}},"36":{"start":{"line":64,"column":2},"end":{"line":73,"column":3}},"37":{"start":{"line":65,"column":4},"end":{"line":72,"column":6}},"38":{"start":{"line":68,"column":41},"end":{"line":68,"column":65}},"39":{"start":{"line":75,"column":2},"end":{"line":144,"column":4}},"40":{"start":{"line":79,"column":43},"end":{"line":79,"column":66}},"41":{"start":{"line":83,"column":41},"end":{"line":83,"column":64}},"42":{"start":{"line":88,"column":25},"end":{"line":88,"column":58}},"43":{"start":{"line":89,"column":12},"end":{"line":89,"column":27}},"44":{"start":{"line":98,"column":32},"end":{"line":98,"column":40}},"45":{"start":{"line":102,"column":10},"end":{"line":102,"column":30}},"46":{"start":{"line":103,"column":10},"end":{"line":103,"column":34}},"47":{"start":{"line":104,"column":10},"end":{"line":104,"column":130}},"48":{"start":{"line":104,"column":52},"end":{"line":104,"column":92}},"49":{"start":{"line":104,"column":108},"end":{"line":104,"column":128}},"50":{"start":{"line":107,"column":10},"end":{"line":140,"column":17}},"51":{"start":{"line":121,"column":34},"end":{"line":121,"column":57}},"52":{"start":{"line":122,"column":33},"end":{"line":122,"column":52}},"53":{"start":{"line":123,"column":32},"end":{"line":123,"column":57}},"54":{"start":{"line":124,"column":18},"end":{"line":136,"column":20}},"55":{"start":{"line":128,"column":24},"end":{"line":128,"column":76}},"56":{"start":{"line":129,"column":40},"end":{"line":129,"column":92}},"57":{"start":{"line":130,"column":24},"end":{"line":130,"column":87}},"58":{"start":{"line":130,"column":52},"end":{"line":130,"column":84}}},"fnMap":{"0":{"name":"TimelineScreen","decl":{"start":{"line":12,"column":24},"end":{"line":12,"column":38}},"loc":{"start":{"line":12,"column":41},"end":{"line":145,"column":1}},"line":12},"1":{"name":"(anonymous_1)","decl":{"start":{"line":20,"column":12},"end":{"line":20,"column":13}},"loc":{"start":{"line":20,"column":18},"end":{"line":22,"column":3}},"line":20},"2":{"name":"(anonymous_2)","decl":{"start":{"line":24,"column":12},"end":{"line":24,"column":13}},"loc":{"start":{"line":24,"column":18},"end":{"line":28,"column":3}},"line":24},"3":{"name":"(anonymous_3)","decl":{"start":{"line":27,"column":40},"end":{"line":27,"column":41}},"loc":{"start":{"line":27,"column":46},"end":{"line":27,"column":86}},"line":27},"4":{"name":"(anonymous_4)","decl":{"start":{"line":30,"column":12},"end":{"line":30,"column":13}},"loc":{"start":{"line":30,"column":18},"end":{"line":32,"column":3}},"line":30},"5":{"name":"(anonymous_5)","decl":{"start":{"line":35,"column":22},"end":{"line":35,"column":23}},"loc":{"start":{"line":35,"column":28},"end":{"line":42,"column":5}},"line":35},"6":{"name":"(anonymous_6)","decl":{"start":{"line":38,"column":42},"end":{"line":38,"column":43}},"loc":{"start":{"line":38,"column":48},"end":{"line":38,"column":88}},"line":38},"7":{"name":"(anonymous_7)","decl":{"start":{"line":40,"column":17},"end":{"line":40,"column":18}},"loc":{"start":{"line":40,"column":23},"end":{"line":40,"column":76}},"line":40},"8":{"name":"(anonymous_8)","decl":{"start":{"line":41,"column":13},"end":{"line":41,"column":14}},"loc":{"start":{"line":41,"column":19},"end":{"line":41,"column":21}},"line":41},"9":{"name":"(anonymous_9)","decl":{"start":{"line":45,"column":19},"end":{"line":45,"column":20}},"loc":{"start":{"line":45,"column":25},"end":{"line":47,"column":3}},"line":45},"10":{"name":"(anonymous_10)","decl":{"start":{"line":46,"column":40},"end":{"line":46,"column":41}},"loc":{"start":{"line":46,"column":46},"end":{"line":46,"column":86}},"line":46},"11":{"name":"(anonymous_11)","decl":{"start":{"line":51,"column":32},"end":{"line":51,"column":33}},"loc":{"start":{"line":51,"column":98},"end":{"line":58,"column":3}},"line":51},"12":{"name":"(anonymous_12)","decl":{"start":{"line":57,"column":21},"end":{"line":57,"column":22}},"loc":{"start":{"line":57,"column":32},"end":{"line":57,"column":55}},"line":57},"13":{"name":"(anonymous_13)","decl":{"start":{"line":60,"column":12},"end":{"line":60,"column":13}},"loc":{"start":{"line":60,"column":18},"end":{"line":62,"column":3}},"line":60},"14":{"name":"(anonymous_14)","decl":{"start":{"line":68,"column":35},"end":{"line":68,"column":36}},"loc":{"start":{"line":68,"column":41},"end":{"line":68,"column":65}},"line":68},"15":{"name":"(anonymous_15)","decl":{"start":{"line":79,"column":37},"end":{"line":79,"column":38}},"loc":{"start":{"line":79,"column":43},"end":{"line":79,"column":66}},"line":79},"16":{"name":"(anonymous_16)","decl":{"start":{"line":83,"column":35},"end":{"line":83,"column":36}},"loc":{"start":{"line":83,"column":41},"end":{"line":83,"column":64}},"line":83},"17":{"name":"(anonymous_17)","decl":{"start":{"line":87,"column":19},"end":{"line":87,"column":20}},"loc":{"start":{"line":87,"column":25},"end":{"line":90,"column":11}},"line":87},"18":{"name":"(anonymous_18)","decl":{"start":{"line":98,"column":22},"end":{"line":98,"column":23}},"loc":{"start":{"line":98,"column":32},"end":{"line":98,"column":40}},"line":98},"19":{"name":"(anonymous_19)","decl":{"start":{"line":101,"column":75},"end":{"line":101,"column":76}},"loc":{"start":{"line":101,"column":81},"end":{"line":105,"column":9}},"line":101},"20":{"name":"(anonymous_20)","decl":{"start":{"line":104,"column":46},"end":{"line":104,"column":47}},"loc":{"start":{"line":104,"column":52},"end":{"line":104,"column":92}},"line":104},"21":{"name":"(anonymous_21)","decl":{"start":{"line":104,"column":102},"end":{"line":104,"column":103}},"loc":{"start":{"line":104,"column":108},"end":{"line":104,"column":128}},"line":104},"22":{"name":"(anonymous_22)","decl":{"start":{"line":106,"column":20},"end":{"line":106,"column":21}},"loc":{"start":{"line":107,"column":10},"end":{"line":140,"column":17}},"line":107},"23":{"name":"(anonymous_23)","decl":{"start":{"line":120,"column":54},"end":{"line":120,"column":55}},"loc":{"start":{"line":120,"column":61},"end":{"line":137,"column":17}},"line":120},"24":{"name":"(anonymous_24)","decl":{"start":{"line":127,"column":31},"end":{"line":127,"column":32}},"loc":{"start":{"line":127,"column":43},"end":{"line":131,"column":23}},"line":127},"25":{"name":"(anonymous_25)","decl":{"start":{"line":130,"column":41},"end":{"line":130,"column":42}},"loc":{"start":{"line":130,"column":52},"end":{"line":130,"column":84}},"line":130}},"branchMap":{"0":{"loc":{"start":{"line":52,"column":4},"end":{"line":52,"column":22}},"type":"if","locations":[{"start":{"line":52,"column":4},"end":{"line":52,"column":22}},{"start":{},"end":{}}],"line":52},"1":{"loc":{"start":{"line":64,"column":2},"end":{"line":73,"column":3}},"type":"if","locations":[{"start":{"line":64,"column":2},"end":{"line":73,"column":3}},{"start":{},"end":{}}],"line":64},"2":{"loc":{"start":{"line":64,"column":6},"end":{"line":64,"column":23}},"type":"binary-expr","locations":[{"start":{"line":64,"column":6},"end":{"line":64,"column":14}},{"start":{"line":64,"column":18},"end":{"line":64,"column":23}}],"line":64},"3":{"loc":{"start":{"line":78,"column":9},"end":{"line":82,"column":9}},"type":"binary-expr","locations":[{"start":{"line":78,"column":9},"end":{"line":78,"column":19}},{"start":{"line":79,"column":10},"end":{"line":81,"column":29}}],"line":78},"4":{"loc":{"start":{"line":88,"column":25},"end":{"line":88,"column":58}},"type":"cond-expr","locations":[{"start":{"line":88,"column":44},"end":{"line":88,"column":49}},{"start":{"line":88,"column":52},"end":{"line":88,"column":58}}],"line":88},"5":{"loc":{"start":{"line":93,"column":84},"end":{"line":93,"column":127}},"type":"cond-expr","locations":[{"start":{"line":93,"column":103},"end":{"line":93,"column":113}},{"start":{"line":93,"column":116},"end":{"line":93,"column":127}}],"line":93},"6":{"loc":{"start":{"line":108,"column":84},"end":{"line":108,"column":128}},"type":"cond-expr","locations":[{"start":{"line":108,"column":101},"end":{"line":108,"column":123}},{"start":{"line":108,"column":126},"end":{"line":108,"column":128}}],"line":108},"7":{"loc":{"start":{"line":110,"column":15},"end":{"line":112,"column":15}},"type":"binary-expr","locations":[{"start":{"line":110,"column":15},"end":{"line":110,"column":25}},{"start":{"line":111,"column":16},"end":{"line":111,"column":136}}],"line":110},"8":{"loc":{"start":{"line":113,"column":15},"end":{"line":115,"column":15}},"type":"binary-expr","locations":[{"start":{"line":113,"column":15},"end":{"line":113,"column":24}},{"start":{"line":114,"column":16},"end":{"line":114,"column":135}}],"line":113},"9":{"loc":{"start":{"line":118,"column":13},"end":{"line":139,"column":13}},"type":"binary-expr","locations":[{"start":{"line":118,"column":13},"end":{"line":118,"column":17}},{"start":{"line":119,"column":14},"end":{"line":138,"column":21}}],"line":118},"10":{"loc":{"start":{"line":123,"column":32},"end":{"line":123,"column":57}},"type":"binary-expr","locations":[{"start":{"line":123,"column":32},"end":{"line":123,"column":52}},{"start":{"line":123,"column":56},"end":{"line":123,"column":57}}],"line":123},"11":{"loc":{"start":{"line":132,"column":109},"end":{"line":132,"column":136}},"type":"cond-expr","locations":[{"start":{"line":132,"column":118},"end":{"line":132,"column":124}},{"start":{"line":132,"column":127},"end":{"line":132,"column":136}}],"line":132},"12":{"loc":{"start":{"line":134,"column":33},"end":{"line":134,"column":55}},"type":"cond-expr","locations":[{"start":{"line":134,"column":45},"end":{"line":134,"column":50}},{"start":{"line":134,"column":53},"end":{"line":134,"column":55}}],"line":134}},"s":{"0":0,"1":0,"2":0,"3":0,"4":0,"5":0,"6":0,"7":0,"8":0,"9":0,"10":0,"11":0,"12":0,"13":0,"14":0,"15":0,"16":0,"17":0,"18":0,"19":0,"20":0,"21":0,"22":0,"23":0,"24":0,"25":0,"26":0,"27":0,"28":0,"29":0,"30":0,"31":0,"32":0,"33":0,"34":0,"35":0,"36":0,"37":0,"38":0,"39":0,"40":0,"41":0,"42":0,"43":0,"44":0,"45":0,"46":0,"47":0,"48":0,"49":0,"50":0,"51":0,"52":0,"53":0,"54":0,"55":0,"56":0,"57":0,"58":0},"f":{"0":0,"1":0,"2":0,"3":0,"4":0,"5":0,"6":0,"7":0,"8":0,"9":0,"10":0,"11":0,"12":0,"13":0,"14":0,"15":0,"16":0,"17":0,"18":0,"19":0,"20":0,"21":0,"22":0,"23":0,"24":0,"25":0},"b":{"0":[0,0],"1":[0,0],"2":[0,0],"3":[0,0],"4":[0,0],"5":[0,0],"6":[0,0],"7":[0,0],"8":[0,0],"9":[0,0],"10":[0,0],"11":[0,0],"12":[0,0]},"_coverageSchema":"1a1c01bbd47fc00a2c39e90264f33305004495a9","hash":"ac7387376132e6c42517999b9d3dc2fb705cd09f"}
,"/Users/allenhuo/Documents/code/bereal-one/app/login.tsx": {"path":"/Users/allenhuo/Documents/code/bereal-one/app/login.tsx","statementMap":{"0":{"start":{"line":7,"column":20},"end":{"line":7,"column":29}},"1":{"start":{"line":8,"column":17},"end":{"line":8,"column":28}},"2":{"start":{"line":9,"column":28},"end":{"line":9,"column":40}},"3":{"start":{"line":10,"column":34},"end":{"line":10,"column":46}},"4":{"start":{"line":11,"column":32},"end":{"line":11,"column":47}},"5":{"start":{"line":13,"column":18},"end":{"line":24,"column":3}},"6":{"start":{"line":14,"column":4},"end":{"line":14,"column":24}},"7":{"start":{"line":14,"column":17},"end":{"line":14,"column":24}},"8":{"start":{"line":15,"column":4},"end":{"line":15,"column":21}},"9":{"start":{"line":16,"column":4},"end":{"line":23,"column":5}},"10":{"start":{"line":17,"column":6},"end":{"line":17,"column":42}},"11":{"start":{"line":18,"column":6},"end":{"line":18,"column":26}},"12":{"start":{"line":20,"column":6},"end":{"line":20,"column":68}},"13":{"start":{"line":22,"column":6},"end":{"line":22,"column":24}},"14":{"start":{"line":26,"column":2},"end":{"line":38,"column":4}},"15":{"start":{"line":34,"column":39},"end":{"line":34,"column":61}}},"fnMap":{"0":{"name":"LoginScreen","decl":{"start":{"line":6,"column":24},"end":{"line":6,"column":35}},"loc":{"start":{"line":6,"column":38},"end":{"line":39,"column":1}},"line":6},"1":{"name":"(anonymous_1)","decl":{"start":{"line":13,"column":18},"end":{"line":13,"column":19}},"loc":{"start":{"line":13,"column":30},"end":{"line":24,"column":3}},"line":13},"2":{"name":"(anonymous_2)","decl":{"start":{"line":34,"column":33},"end":{"line":34,"column":34}},"loc":{"start":{"line":34,"column":39},"end":{"line":34,"column":61}},"line":34}},"branchMap":{"0":{"loc":{"start":{"line":14,"column":4},"end":{"line":14,"column":24}},"type":"if","locations":[{"start":{"line":14,"column":4},"end":{"line":14,"column":24}},{"start":{},"end":{}}],"line":14},"1":{"loc":{"start":{"line":20,"column":34},"end":{"line":20,"column":66}},"type":"binary-expr","locations":[{"start":{"line":20,"column":34},"end":{"line":20,"column":44}},{"start":{"line":20,"column":48},"end":{"line":20,"column":66}}],"line":20},"2":{"loc":{"start":{"line":32,"column":82},"end":{"line":32,"column":117}},"type":"cond-expr","locations":[{"start":{"line":32,"column":92},"end":{"line":32,"column":105}},{"start":{"line":32,"column":108},"end":{"line":32,"column":117}}],"line":32}},"s":{"0":0,"1":0,"2":0,"3":0,"4":0,"5":0,"6":0,"7":0,"8":0,"9":0,"10":0,"11":0,"12":0,"13":0,"14":0,"15":0},"f":{"0":0,"1":0,"2":0},"b":{"0":[0,0],"1":[0,0],"2":[0,0]},"_coverageSchema":"1a1c01bbd47fc00a2c39e90264f33305004495a9","hash":"aaf4215ee1dfb8bb72da30a89f40bc6c364d3ca2"}
,"/Users/allenhuo/Documents/code/bereal-one/app/profile.tsx": {"path":"/Users/allenhuo/Documents/code/bereal-one/app/profile.tsx","statementMap":{"0":{"start":{"line":8,"column":27},"end":{"line":8,"column":36}},"1":{"start":{"line":9,"column":17},"end":{"line":9,"column":28}},"2":{"start":{"line":10,"column":40},"end":{"line":10,"column":52}},"3":{"start":{"line":11,"column":24},"end":{"line":11,"column":36}},"4":{"start":{"line":12,"column":32},"end":{"line":12,"column":47}},"5":{"start":{"line":14,"column":2},"end":{"line":25,"column":13}},"6":{"start":{"line":15,"column":18},"end":{"line":15,"column":22}},"7":{"start":{"line":16,"column":17},"end":{"line":22,"column":5}},"8":{"start":{"line":17,"column":6},"end":{"line":17,"column":24}},"9":{"start":{"line":17,"column":17},"end":{"line":17,"column":24}},"10":{"start":{"line":18,"column":16},"end":{"line":18,"column":56}},"11":{"start":{"line":19,"column":6},"end":{"line":19,"column":27}},"12":{"start":{"line":19,"column":20},"end":{"line":19,"column":27}},"13":{"start":{"line":20,"column":6},"end":{"line":20,"column":43}},"14":{"start":{"line":21,"column":6},"end":{"line":21,"column":27}},"15":{"start":{"line":23,"column":4},"end":{"line":23,"column":11}},"16":{"start":{"line":24,"column":4},"end":{"line":24,"column":38}},"17":{"start":{"line":24,"column":19},"end":{"line":24,"column":35}},"18":{"start":{"line":27,"column":17},"end":{"line":36,"column":3}},"19":{"start":{"line":28,"column":4},"end":{"line":28,"column":33}},"20":{"start":{"line":28,"column":26},"end":{"line":28,"column":33}},"21":{"start":{"line":29,"column":4},"end":{"line":29,"column":21}},"22":{"start":{"line":30,"column":4},"end":{"line":35,"column":5}},"23":{"start":{"line":31,"column":6},"end":{"line":31,"column":72}},"24":{"start":{"line":32,"column":6},"end":{"line":32,"column":46}},"25":{"start":{"line":34,"column":6},"end":{"line":34,"column":24}},"26":{"start":{"line":38,"column":2},"end":{"line":45,"column":3}},"27":{"start":{"line":39,"column":4},"end":{"line":44,"column":6}},"28":{"start":{"line":42,"column":41},"end":{"line":42,"column":65}},"29":{"start":{"line":47,"column":2},"end":{"line":60,"column":4}},"30":{"start":{"line":56,"column":39},"end":{"line":56,"column":84}},"31":{"start":{"line":56,"column":59},"end":{"line":56,"column":83}}},"fnMap":{"0":{"name":"ProfileScreen","decl":{"start":{"line":7,"column":24},"end":{"line":7,"column":37}},"loc":{"start":{"line":7,"column":40},"end":{"line":61,"column":1}},"line":7},"1":{"name":"(anonymous_1)","decl":{"start":{"line":14,"column":12},"end":{"line":14,"column":13}},"loc":{"start":{"line":14,"column":18},"end":{"line":25,"column":3}},"line":14},"2":{"name":"(anonymous_2)","decl":{"start":{"line":16,"column":17},"end":{"line":16,"column":18}},"loc":{"start":{"line":16,"column":29},"end":{"line":22,"column":5}},"line":16},"3":{"name":"(anonymous_3)","decl":{"start":{"line":24,"column":11},"end":{"line":24,"column":12}},"loc":{"start":{"line":24,"column":17},"end":{"line":24,"column":37}},"line":24},"4":{"name":"(anonymous_4)","decl":{"start":{"line":27,"column":17},"end":{"line":27,"column":18}},"loc":{"start":{"line":27,"column":29},"end":{"line":36,"column":3}},"line":27},"5":{"name":"(anonymous_5)","decl":{"start":{"line":42,"column":35},"end":{"line":42,"column":36}},"loc":{"start":{"line":42,"column":41},"end":{"line":42,"column":65}},"line":42},"6":{"name":"(anonymous_6)","decl":{"start":{"line":56,"column":33},"end":{"line":56,"column":34}},"loc":{"start":{"line":56,"column":39},"end":{"line":56,"column":84}},"line":56},"7":{"name":"(anonymous_7)","decl":{"start":{"line":56,"column":53},"end":{"line":56,"column":54}},"loc":{"start":{"line":56,"column":59},"end":{"line":56,"column":83}},"line":56}},"branchMap":{"0":{"loc":{"start":{"line":17,"column":6},"end":{"line":17,"column":24}},"type":"if","locations":[{"start":{"line":17,"column":6},"end":{"line":17,"column":24}},{"start":{},"end":{}}],"line":17},"1":{"loc":{"start":{"line":19,"column":6},"end":{"line":19,"column":27}},"type":"if","locations":[{"start":{"line":19,"column":6},"end":{"line":19,"column":27}},{"start":{},"end":{}}],"line":19},"2":{"loc":{"start":{"line":20,"column":21},"end":{"line":20,"column":41}},"type":"binary-expr","locations":[{"start":{"line":20,"column":21},"end":{"line":20,"column":35}},{"start":{"line":20,"column":39},"end":{"line":20,"column":41}}],"line":20},"3":{"loc":{"start":{"line":21,"column":13},"end":{"line":21,"column":25}},"type":"binary-expr","locations":[{"start":{"line":21,"column":13},"end":{"line":21,"column":19}},{"start":{"line":21,"column":23},"end":{"line":21,"column":25}}],"line":21},"4":{"loc":{"start":{"line":28,"column":4},"end":{"line":28,"column":33}},"type":"if","locations":[{"start":{"line":28,"column":4},"end":{"line":28,"column":33}},{"start":{},"end":{}}],"line":28},"5":{"loc":{"start":{"line":28,"column":8},"end":{"line":28,"column":24}},"type":"binary-expr","locations":[{"start":{"line":28,"column":8},"end":{"line":28,"column":13}},{"start":{"line":28,"column":17},"end":{"line":28,"column":24}}],"line":28},"6":{"loc":{"start":{"line":38,"column":2},"end":{"line":45,"column":3}},"type":"if","locations":[{"start":{"line":38,"column":2},"end":{"line":45,"column":3}},{"start":{},"end":{}}],"line":38},"7":{"loc":{"start":{"line":54,"column":82},"end":{"line":54,"column":110}},"type":"cond-expr","locations":[{"start":{"line":54,"column":92},"end":{"line":54,"column":101}},{"start":{"line":54,"column":104},"end":{"line":54,"column":110}}],"line":54}},"s":{"0":0,"1":0,"2":0,"3":0,"4":0,"5":0,"6":0,"7":0,"8":0,"9":0,"10":0,"11":0,"12":0,"13":0,"14":0,"15":0,"16":0,"17":0,"18":0,"19":0,"20":0,"21":0,"22":0,"23":0,"24":0,"25":0,"26":0,"27":0,"28":0,"29":0,"30":0,"31":0},"f":{"0":0,"1":0,"2":0,"3":0,"4":0,"5":0,"6":0,"7":0},"b":{"0":[0,0],"1":[0,0],"2":[0,0],"3":[0,0],"4":[0,0],"5":[0,0],"6":[0,0],"7":[0,0]},"_coverageSchema":"1a1c01bbd47fc00a2c39e90264f33305004495a9","hash":"7e4d0b2b93b6c1dcbb47b35f4507bd7bfb2c67ff"}
,"/Users/allenhuo/Documents/code/bereal-one/app/signup.tsx": {"path":"/Users/allenhuo/Documents/code/bereal-one/app/signup.tsx","statementMap":{"0":{"start":{"line":7,"column":21},"end":{"line":7,"column":30}},"1":{"start":{"line":8,"column":17},"end":{"line":8,"column":28}},"2":{"start":{"line":9,"column":28},"end":{"line":9,"column":40}},"3":{"start":{"line":10,"column":34},"end":{"line":10,"column":46}},"4":{"start":{"line":11,"column":32},"end":{"line":11,"column":47}},"5":{"start":{"line":13,"column":19},"end":{"line":24,"column":3}},"6":{"start":{"line":14,"column":4},"end":{"line":14,"column":24}},"7":{"start":{"line":14,"column":17},"end":{"line":14,"column":24}},"8":{"start":{"line":15,"column":4},"end":{"line":15,"column":21}},"9":{"start":{"line":16,"column":4},"end":{"line":23,"column":5}},"10":{"start":{"line":17,"column":6},"end":{"line":17,"column":43}},"11":{"start":{"line":18,"column":6},"end":{"line":18,"column":33}},"12":{"start":{"line":20,"column":6},"end":{"line":20,"column":70}},"13":{"start":{"line":22,"column":6},"end":{"line":22,"column":24}},"14":{"start":{"line":26,"column":2},"end":{"line":35,"column":4}}},"fnMap":{"0":{"name":"SignupScreen","decl":{"start":{"line":6,"column":24},"end":{"line":6,"column":36}},"loc":{"start":{"line":6,"column":39},"end":{"line":36,"column":1}},"line":6},"1":{"name":"(anonymous_1)","decl":{"start":{"line":13,"column":19},"end":{"line":13,"column":20}},"loc":{"start":{"line":13,"column":31},"end":{"line":24,"column":3}},"line":13}},"branchMap":{"0":{"loc":{"start":{"line":14,"column":4},"end":{"line":14,"column":24}},"type":"if","locations":[{"start":{"line":14,"column":4},"end":{"line":14,"column":24}},{"start":{},"end":{}}],"line":14},"1":{"loc":{"start":{"line":20,"column":36},"end":{"line":20,"column":68}},"type":"binary-expr","locations":[{"start":{"line":20,"column":36},"end":{"line":20,"column":46}},{"start":{"line":20,"column":50},"end":{"line":20,"column":68}}],"line":20},"2":{"loc":{"start":{"line":32,"column":82},"end":{"line":32,"column":122}},"type":"cond-expr","locations":[{"start":{"line":32,"column":92},"end":{"line":32,"column":103}},{"start":{"line":32,"column":106},"end":{"line":32,"column":122}}],"line":32}},"s":{"0":0,"1":0,"2":0,"3":0,"4":0,"5":0,"6":0,"7":0,"8":0,"9":0,"10":0,"11":0,"12":0,"13":0,"14":0},"f":{"0":0,"1":0},"b":{"0":[0,0],"1":[0,0],"2":[0,0]},"_coverageSchema":"1a1c01bbd47fc00a2c39e90264f33305004495a9","hash":"c5707d1f11f9ec0bbffc51185de0cb441ef61a82"}
,"/Users/allenhuo/Documents/code/bereal-one/src/services/AuthService.ts": {"path":"/Users/allenhuo/Documents/code/bereal-one/src/services/AuthService.ts","statementMap":{"0":{"start":{"line":18,"column":27},"end":{"line":18,"column":67}},"1":{"start":{"line":19,"column":29},"end":{"line":19,"column":63}},"2":{"start":{"line":20,"column":31},"end":{"line":20,"column":67}},"3":{"start":{"line":21,"column":55},"end":{"line":21,"column":59}},"4":{"start":{"line":24,"column":17},"end":{"line":24,"column":60}},"5":{"start":{"line":25,"column":4},"end":{"line":27,"column":5}},"6":{"start":{"line":26,"column":6},"end":{"line":26,"column":81}},"7":{"start":{"line":31,"column":4},"end":{"line":31,"column":38}},"8":{"start":{"line":31,"column":31},"end":{"line":31,"column":38}},"9":{"start":{"line":32,"column":4},"end":{"line":32,"column":31}},"10":{"start":{"line":33,"column":24},"end":{"line":33,"column":71}},"11":{"start":{"line":34,"column":4},"end":{"line":37,"column":5}},"12":{"start":{"line":35,"column":6},"end":{"line":35,"column":35}},"13":{"start":{"line":36,"column":6},"end":{"line":36,"column":13}},"14":{"start":{"line":38,"column":4},"end":{"line":49,"column":5}},"15":{"start":{"line":39,"column":18},"end":{"line":39,"column":70}},"16":{"start":{"line":40,"column":25},"end":{"line":40,"column":71}},"17":{"start":{"line":41,"column":6},"end":{"line":44,"column":7}},"18":{"start":{"line":42,"column":8},"end":{"line":42,"column":37}},"19":{"start":{"line":43,"column":8},"end":{"line":43,"column":15}},"20":{"start":{"line":45,"column":19},"end":{"line":45,"column":50}},"21":{"start":{"line":46,"column":6},"end":{"line":46,"column":35}},"22":{"start":{"line":48,"column":6},"end":{"line":48,"column":35}},"23":{"start":{"line":53,"column":4},"end":{"line":53,"column":31}},"24":{"start":{"line":54,"column":17},"end":{"line":54,"column":62}},"25":{"start":{"line":55,"column":4},"end":{"line":55,"column":32}},"26":{"start":{"line":55,"column":22},"end":{"line":55,"column":32}},"27":{"start":{"line":56,"column":4},"end":{"line":62,"column":5}},"28":{"start":{"line":57,"column":18},"end":{"line":57,"column":68}},"29":{"start":{"line":58,"column":21},"end":{"line":58,"column":57}},"30":{"start":{"line":59,"column":6},"end":{"line":59,"column":32}},"31":{"start":{"line":61,"column":6},"end":{"line":61,"column":16}},"32":{"start":{"line":66,"column":4},"end":{"line":66,"column":31}},"33":{"start":{"line":67,"column":28},"end":{"line":67,"column":37}},"34":{"start":{"line":68,"column":4},"end":{"line":68,"column":78}},"35":{"start":{"line":72,"column":18},"end":{"line":72,"column":39}},"36":{"start":{"line":73,"column":4},"end":{"line":73,"column":54}},"37":{"start":{"line":73,"column":29},"end":{"line":73,"column":44}},"38":{"start":{"line":77,"column":4},"end":{"line":77,"column":33}},"39":{"start":{"line":81,"column":4},"end":{"line":81,"column":30}},"40":{"start":{"line":82,"column":4},"end":{"line":82,"column":33}},"41":{"start":{"line":86,"column":4},"end":{"line":86,"column":33}},"42":{"start":{"line":87,"column":4},"end":{"line":87,"column":31}},"43":{"start":{"line":88,"column":4},"end":{"line":88,"column":78}},"44":{"start":{"line":92,"column":18},"end":{"line":92,"column":39}},"45":{"start":{"line":93,"column":19},"end":{"line":93,"column":83}},"46":{"start":{"line":93,"column":37},"end":{"line":93,"column":82}},"47":{"start":{"line":94,"column":4},"end":{"line":96,"column":5}},"48":{"start":{"line":95,"column":6},"end":{"line":95,"column":50}},"49":{"start":{"line":97,"column":22},"end":{"line":97,"column":51}},"50":{"start":{"line":98,"column":17},"end":{"line":98,"column":91}},"51":{"start":{"line":98,"column":50},"end":{"line":98,"column":81}},"52":{"start":{"line":99,"column":25},"end":{"line":99,"column":101}},"53":{"start":{"line":100,"column":15},"end":{"line":100,"column":85}},"54":{"start":{"line":101,"column":27},"end":{"line":101,"column":66}},"55":{"start":{"line":102,"column":29},"end":{"line":102,"column":91}},"56":{"start":{"line":103,"column":4},"end":{"line":103,"column":21}},"57":{"start":{"line":104,"column":4},"end":{"line":104,"column":33}},"58":{"start":{"line":105,"column":4},"end":{"line":105,"column":90}},"59":{"start":{"line":106,"column":4},"end":{"line":106,"column":33}},"60":{"start":{"line":107,"column":4},"end":{"line":107,"column":16}},"61":{"start":{"line":111,"column":18},"end":{"line":111,"column":39}},"62":{"start":{"line":112,"column":17},"end":{"line":112,"column":81}},"63":{"start":{"line":112,"column":35},"end":{"line":112,"column":80}},"64":{"start":{"line":113,"column":4},"end":{"line":113,"column":54}},"65":{"start":{"line":113,"column":15},"end":{"line":113,"column":54}},"66":{"start":{"line":114,"column":17},"end":{"line":114,"column":98}},"67":{"start":{"line":115,"column":4},"end":{"line":115,"column":75}},"68":{"start":{"line":115,"column":36},"end":{"line":115,"column":75}},"69":{"start":{"line":116,"column":4},"end":{"line":116,"column":95}},"70":{"start":{"line":117,"column":4},"end":{"line":117,"column":33}},"71":{"start":{"line":118,"column":4},"end":{"line":118,"column":16}}},"fnMap":{"0":{"name":"(anonymous_0)","decl":{"start":{"line":23,"column":2},"end":{"line":23,"column":3}},"loc":{"start":{"line":23,"column":46},"end":{"line":28,"column":3}},"line":23},"1":{"name":"(anonymous_1)","decl":{"start":{"line":30,"column":2},"end":{"line":30,"column":3}},"loc":{"start":{"line":30,"column":45},"end":{"line":50,"column":3}},"line":30},"2":{"name":"(anonymous_2)","decl":{"start":{"line":52,"column":2},"end":{"line":52,"column":3}},"loc":{"start":{"line":52,"column":49},"end":{"line":63,"column":3}},"line":52},"3":{"name":"(anonymous_3)","decl":{"start":{"line":65,"column":2},"end":{"line":65,"column":3}},"loc":{"start":{"line":65,"column":70},"end":{"line":69,"column":3}},"line":65},"4":{"name":"(anonymous_4)","decl":{"start":{"line":71,"column":2},"end":{"line":71,"column":3}},"loc":{"start":{"line":71,"column":72},"end":{"line":74,"column":3}},"line":71},"5":{"name":"(anonymous_5)","decl":{"start":{"line":73,"column":22},"end":{"line":73,"column":23}},"loc":{"start":{"line":73,"column":29},"end":{"line":73,"column":44}},"line":73},"6":{"name":"(anonymous_6)","decl":{"start":{"line":76,"column":2},"end":{"line":76,"column":3}},"loc":{"start":{"line":76,"column":49},"end":{"line":78,"column":3}},"line":76},"7":{"name":"(anonymous_7)","decl":{"start":{"line":80,"column":2},"end":{"line":80,"column":3}},"loc":{"start":{"line":80,"column":60},"end":{"line":83,"column":3}},"line":80},"8":{"name":"(anonymous_8)","decl":{"start":{"line":85,"column":2},"end":{"line":85,"column":3}},"loc":{"start":{"line":85,"column":39},"end":{"line":89,"column":3}},"line":85},"9":{"name":"(anonymous_9)","decl":{"start":{"line":91,"column":2},"end":{"line":91,"column":3}},"loc":{"start":{"line":91,"column":76},"end":{"line":108,"column":3}},"line":91},"10":{"name":"(anonymous_10)","decl":{"start":{"line":93,"column":30},"end":{"line":93,"column":31}},"loc":{"start":{"line":93,"column":37},"end":{"line":93,"column":82}},"line":93},"11":{"name":"(anonymous_11)","decl":{"start":{"line":98,"column":43},"end":{"line":98,"column":44}},"loc":{"start":{"line":98,"column":50},"end":{"line":98,"column":81}},"line":98},"12":{"name":"(anonymous_12)","decl":{"start":{"line":110,"column":2},"end":{"line":110,"column":3}},"loc":{"start":{"line":110,"column":75},"end":{"line":119,"column":3}},"line":110},"13":{"name":"(anonymous_13)","decl":{"start":{"line":112,"column":28},"end":{"line":112,"column":29}},"loc":{"start":{"line":112,"column":35},"end":{"line":112,"column":80}},"line":112}},"branchMap":{"0":{"loc":{"start":{"line":25,"column":4},"end":{"line":27,"column":5}},"type":"if","locations":[{"start":{"line":25,"column":4},"end":{"line":27,"column":5}},{"start":{},"end":{}}],"line":25},"1":{"loc":{"start":{"line":31,"column":4},"end":{"line":31,"column":38}},"type":"if","locations":[{"start":{"line":31,"column":4},"end":{"line":31,"column":38}},{"start":{},"end":{}}],"line":31},"2":{"loc":{"start":{"line":34,"column":4},"end":{"line":37,"column":5}},"type":"if","locations":[{"start":{"line":34,"column":4},"end":{"line":37,"column":5}},{"start":{},"end":{}}],"line":34},"3":{"loc":{"start":{"line":40,"column":36},"end":{"line":40,"column":47}},"type":"binary-expr","locations":[{"start":{"line":40,"column":36},"end":{"line":40,"column":39}},{"start":{"line":40,"column":43},"end":{"line":40,"column":47}}],"line":40},"4":{"loc":{"start":{"line":41,"column":6},"end":{"line":44,"column":7}},"type":"if","locations":[{"start":{"line":41,"column":6},"end":{"line":44,"column":7}},{"start":{},"end":{}}],"line":41},"5":{"loc":{"start":{"line":55,"column":4},"end":{"line":55,"column":32}},"type":"if","locations":[{"start":{"line":55,"column":4},"end":{"line":55,"column":32}},{"start":{},"end":{}}],"line":55},"6":{"loc":{"start":{"line":58,"column":32},"end":{"line":58,"column":43}},"type":"binary-expr","locations":[{"start":{"line":58,"column":32},"end":{"line":58,"column":35}},{"start":{"line":58,"column":39},"end":{"line":58,"column":43}}],"line":58},"7":{"loc":{"start":{"line":59,"column":13},"end":{"line":59,"column":31}},"type":"binary-expr","locations":[{"start":{"line":59,"column":13},"end":{"line":59,"column":25}},{"start":{"line":59,"column":29},"end":{"line":59,"column":31}}],"line":59},"8":{"loc":{"start":{"line":73,"column":11},"end":{"line":73,"column":53}},"type":"binary-expr","locations":[{"start":{"line":73,"column":11},"end":{"line":73,"column":45}},{"start":{"line":73,"column":49},"end":{"line":73,"column":53}}],"line":73},"9":{"loc":{"start":{"line":94,"column":4},"end":{"line":96,"column":5}},"type":"if","locations":[{"start":{"line":94,"column":4},"end":{"line":96,"column":5}},{"start":{},"end":{}}],"line":94},"10":{"loc":{"start":{"line":101,"column":27},"end":{"line":101,"column":66}},"type":"cond-expr","locations":[{"start":{"line":101,"column":48},"end":{"line":101,"column":55}},{"start":{"line":101,"column":58},"end":{"line":101,"column":66}}],"line":101},"11":{"loc":{"start":{"line":113,"column":4},"end":{"line":113,"column":54}},"type":"if","locations":[{"start":{"line":113,"column":4},"end":{"line":113,"column":54}},{"start":{},"end":{}}],"line":113},"12":{"loc":{"start":{"line":115,"column":4},"end":{"line":115,"column":75}},"type":"if","locations":[{"start":{"line":115,"column":4},"end":{"line":115,"column":75}},{"start":{},"end":{}}],"line":115}},"s":{"0":5,"1":5,"2":5,"3":5,"4":0,"5":0,"6":0,"7":0,"8":0,"9":0,"10":0,"11":0,"12":0,"13":0,"14":0,"15":0,"16":0,"17":0,"18":0,"19":0,"20":0,"21":0,"22":0,"23":0,"24":0,"25":0,"26":0,"27":0,"28":0,"29":0,"30":0,"31":0,"32":0,"33":0,"34":0,"35":0,"36":0,"37":0,"38":0,"39":0,"40":0,"41":0,"42":0,"43":0,"44":0,"45":0,"46":0,"47":0,"48":0,"49":0,"50":0,"51":0,"52":0,"53":0,"54":0,"55":0,"56":0,"57":0,"58":0,"59":0,"60":0,"61":0,"62":0,"63":0,"64":0,"65":0,"66":0,"67":0,"68":0,"69":0,"70":0,"71":0},"f":{"0":0,"1":0,"2":0,"3":0,"4":0,"5":0,"6":0,"7":0,"8":0,"9":0,"10":0,"11":0,"12":0,"13":0},"b":{"0":[0,0],"1":[0,0],"2":[0,0],"3":[0,0],"4":[0,0],"5":[0,0],"6":[0,0],"7":[0,0],"8":[0,0],"9":[0,0],"10":[0,0],"11":[0,0],"12":[0,0]},"_coverageSchema":"1a1c01bbd47fc00a2c39e90264f33305004495a9","hash":"b6b1404aa922cd4cd0ca331997828ae7ade94dac"}
,"/Users/allenhuo/Documents/code/bereal-one/src/services/CameraService.ts": {"path":"/Users/allenhuo/Documents/code/bereal-one/src/services/CameraService.ts","statementMap":{"0":{"start":{"line":5,"column":22},"end":{"line":5,"column":100}},"1":{"start":{"line":6,"column":23},"end":{"line":6,"column":163}},"2":{"start":{"line":7,"column":4},"end":{"line":7,"column":50}}},"fnMap":{"0":{"name":"(anonymous_0)","decl":{"start":{"line":4,"column":2},"end":{"line":4,"column":3}},"loc":{"start":{"line":4,"column":90},"end":{"line":8,"column":3}},"line":4}},"branchMap":{"0":{"loc":{"start":{"line":4,"column":65},"end":{"line":4,"column":88}},"type":"default-arg","locations":[{"start":{"line":4,"column":87},"end":{"line":4,"column":88}}],"line":4}},"s":{"0":0,"1":0,"2":0},"f":{"0":0},"b":{"0":[0]},"_coverageSchema":"1a1c01bbd47fc00a2c39e90264f33305004495a9","hash":"96eecf25cb7e30e7c4714c0629b224f97ca1ba2d"}
,"/Users/allenhuo/Documents/code/bereal-one/src/services/FileManagerService.ts": {"path":"/Users/allenhuo/Documents/code/bereal-one/src/services/FileManagerService.ts","statementMap":{"0":{"start":{"line":16,"column":19},"end":{"line":16,"column":59}},"1":{"start":{"line":17,"column":21},"end":{"line":17,"column":59}},"2":{"start":{"line":18,"column":24},"end":{"line":18,"column":66}},"3":{"start":{"line":19,"column":21},"end":{"line":19,"column":58}},"4":{"start":{"line":22,"column":20},"end":{"line":22,"column":52}},"5":{"start":{"line":23,"column":23},"end":{"line":23,"column":73}},"6":{"start":{"line":24,"column":22},"end":{"line":24,"column":74}},"7":{"start":{"line":25,"column":25},"end":{"line":25,"column":84}},"8":{"start":{"line":27,"column":4},"end":{"line":27,"column":49}},"9":{"start":{"line":28,"column":4},"end":{"line":28,"column":55}},"10":{"start":{"line":29,"column":4},"end":{"line":34,"column":5}},"11":{"start":{"line":30,"column":19},"end":{"line":30,"column":53}},"12":{"start":{"line":31,"column":6},"end":{"line":33,"column":7}},"13":{"start":{"line":32,"column":8},"end":{"line":32,"column":74}},"14":{"start":{"line":38,"column":17},"end":{"line":38,"column":43}},"15":{"start":{"line":39,"column":15},"end":{"line":39,"column":59}},"16":{"start":{"line":40,"column":15},"end":{"line":40,"column":54}},"17":{"start":{"line":41,"column":15},"end":{"line":41,"column":55}},"18":{"start":{"line":42,"column":15},"end":{"line":42,"column":57}},"19":{"start":{"line":43,"column":15},"end":{"line":43,"column":57}},"20":{"start":{"line":44,"column":20},"end":{"line":44,"column":56}},"21":{"start":{"line":45,"column":20},"end":{"line":45,"column":54}},"22":{"start":{"line":46,"column":19},"end":{"line":46,"column":90}},"23":{"start":{"line":47,"column":21},"end":{"line":47,"column":68}},"24":{"start":{"line":48,"column":4},"end":{"line":48,"column":59}},"25":{"start":{"line":52,"column":4},"end":{"line":52,"column":28}},"26":{"start":{"line":53,"column":51},"end":{"line":53,"column":105}},"27":{"start":{"line":54,"column":34},"end":{"line":54,"column":90}},"28":{"start":{"line":55,"column":17},"end":{"line":55,"column":54}},"29":{"start":{"line":56,"column":4},"end":{"line":56,"column":100}},"30":{"start":{"line":57,"column":4},"end":{"line":57,"column":105}},"31":{"start":{"line":61,"column":4},"end":{"line":61,"column":28}},"32":{"start":{"line":62,"column":34},"end":{"line":62,"column":90}},"33":{"start":{"line":63,"column":18},"end":{"line":63,"column":76}},"34":{"start":{"line":64,"column":17},"end":{"line":64,"column":89}},"35":{"start":{"line":64,"column":37},"end":{"line":64,"column":55}},"36":{"start":{"line":64,"column":73},"end":{"line":64,"column":87}},"37":{"start":{"line":65,"column":18},"end":{"line":65,"column":52}},"38":{"start":{"line":66,"column":18},"end":{"line":66,"column":116}},"39":{"start":{"line":66,"column":56},"end":{"line":66,"column":114}},"40":{"start":{"line":67,"column":4},"end":{"line":67,"column":24}}},"fnMap":{"0":{"name":"(anonymous_0)","decl":{"start":{"line":21,"column":2},"end":{"line":21,"column":3}},"loc":{"start":{"line":21,"column":43},"end":{"line":35,"column":3}},"line":21},"1":{"name":"(anonymous_1)","decl":{"start":{"line":37,"column":2},"end":{"line":37,"column":3}},"loc":{"start":{"line":37,"column":130},"end":{"line":49,"column":3}},"line":37},"2":{"name":"(anonymous_2)","decl":{"start":{"line":51,"column":2},"end":{"line":51,"column":3}},"loc":{"start":{"line":51,"column":171},"end":{"line":58,"column":3}},"line":51},"3":{"name":"(anonymous_3)","decl":{"start":{"line":60,"column":2},"end":{"line":60,"column":3}},"loc":{"start":{"line":60,"column":86},"end":{"line":68,"column":3}},"line":60},"4":{"name":"(anonymous_4)","decl":{"start":{"line":64,"column":30},"end":{"line":64,"column":31}},"loc":{"start":{"line":64,"column":37},"end":{"line":64,"column":55}},"line":64},"5":{"name":"(anonymous_5)","decl":{"start":{"line":64,"column":62},"end":{"line":64,"column":63}},"loc":{"start":{"line":64,"column":73},"end":{"line":64,"column":87}},"line":64},"6":{"name":"(anonymous_6)","decl":{"start":{"line":66,"column":46},"end":{"line":66,"column":47}},"loc":{"start":{"line":66,"column":56},"end":{"line":66,"column":114}},"line":66}},"branchMap":{"0":{"loc":{"start":{"line":23,"column":23},"end":{"line":23,"column":73}},"type":"cond-expr","locations":[{"start":{"line":23,"column":33},"end":{"line":23,"column":66}},{"start":{"line":23,"column":69},"end":{"line":23,"column":73}}],"line":23},"1":{"loc":{"start":{"line":24,"column":22},"end":{"line":24,"column":74}},"type":"cond-expr","locations":[{"start":{"line":24,"column":35},"end":{"line":24,"column":57}},{"start":{"line":24,"column":60},"end":{"line":24,"column":74}}],"line":24},"2":{"loc":{"start":{"line":25,"column":25},"end":{"line":25,"column":84}},"type":"cond-expr","locations":[{"start":{"line":25,"column":38},"end":{"line":25,"column":64}},{"start":{"line":25,"column":67},"end":{"line":25,"column":84}}],"line":25},"3":{"loc":{"start":{"line":31,"column":6},"end":{"line":33,"column":7}},"type":"if","locations":[{"start":{"line":31,"column":6},"end":{"line":33,"column":7}},{"start":{},"end":{}}],"line":31},"4":{"loc":{"start":{"line":44,"column":20},"end":{"line":44,"column":56}},"type":"binary-expr","locations":[{"start":{"line":44,"column":20},"end":{"line":44,"column":33}},{"start":{"line":44,"column":37},"end":{"line":44,"column":56}}],"line":44},"5":{"loc":{"start":{"line":45,"column":20},"end":{"line":45,"column":54}},"type":"binary-expr","locations":[{"start":{"line":45,"column":20},"end":{"line":45,"column":33}},{"start":{"line":45,"column":37},"end":{"line":45,"column":54}}],"line":45},"6":{"loc":{"start":{"line":46,"column":19},"end":{"line":46,"column":90}},"type":"cond-expr","locations":[{"start":{"line":46,"column":56},"end":{"line":46,"column":79}},{"start":{"line":46,"column":82},"end":{"line":46,"column":90}}],"line":46},"7":{"loc":{"start":{"line":46,"column":19},"end":{"line":46,"column":53}},"type":"binary-expr","locations":[{"start":{"line":46,"column":19},"end":{"line":46,"column":32}},{"start":{"line":46,"column":36},"end":{"line":46,"column":53}}],"line":46},"8":{"loc":{"start":{"line":54,"column":34},"end":{"line":54,"column":90}},"type":"binary-expr","locations":[{"start":{"line":54,"column":34},"end":{"line":54,"column":69}},{"start":{"line":54,"column":73},"end":{"line":54,"column":90}}],"line":54},"9":{"loc":{"start":{"line":62,"column":34},"end":{"line":62,"column":90}},"type":"binary-expr","locations":[{"start":{"line":62,"column":34},"end":{"line":62,"column":69}},{"start":{"line":62,"column":73},"end":{"line":62,"column":90}}],"line":62},"10":{"loc":{"start":{"line":64,"column":73},"end":{"line":64,"column":87}},"type":"cond-expr","locations":[{"start":{"line":64,"column":81},"end":{"line":64,"column":82}},{"start":{"line":64,"column":85},"end":{"line":64,"column":87}}],"line":64}},"s":{"0":4,"1":4,"2":4,"3":4,"4":0,"5":0,"6":0,"7":0,"8":0,"9":0,"10":0,"11":0,"12":0,"13":0,"14":0,"15":0,"16":0,"17":0,"18":0,"19":0,"20":0,"21":0,"22":0,"23":0,"24":0,"25":0,"26":0,"27":0,"28":0,"29":0,"30":0,"31":0,"32":0,"33":0,"34":0,"35":0,"36":0,"37":0,"38":0,"39":0,"40":0},"f":{"0":0,"1":0,"2":0,"3":0,"4":0,"5":0,"6":0},"b":{"0":[0,0],"1":[0,0],"2":[0,0],"3":[0,0],"4":[0,0],"5":[0,0],"6":[0,0],"7":[0,0],"8":[0,0],"9":[0,0],"10":[0,0]},"_coverageSchema":"1a1c01bbd47fc00a2c39e90264f33305004495a9","hash":"d1db77918e6925b1bee151809ce09565289388c4"}
,"/Users/allenhuo/Documents/code/bereal-one/src/services/NotificationService.ts": {"path":"/Users/allenhuo/Documents/code/bereal-one/src/services/NotificationService.ts","statementMap":{"0":{"start":{"line":6,"column":21},"end":{"line":6,"column":62}},"1":{"start":{"line":7,"column":4},"end":{"line":9,"column":5}},"2":{"start":{"line":8,"column":6},"end":{"line":8,"column":52}},"3":{"start":{"line":10,"column":4},"end":{"line":10,"column":37}},"4":{"start":{"line":14,"column":4},"end":{"line":14,"column":63}},"5":{"start":{"line":15,"column":16},"end":{"line":15,"column":26}},"6":{"start":{"line":16,"column":17},"end":{"line":16,"column":51}},"7":{"start":{"line":17,"column":19},"end":{"line":17,"column":49}},"8":{"start":{"line":18,"column":20},"end":{"line":18,"column":95}},"9":{"start":{"line":19,"column":4},"end":{"line":21,"column":5}},"10":{"start":{"line":20,"column":6},"end":{"line":20,"column":45}},"11":{"start":{"line":22,"column":4},"end":{"line":32,"column":7}}},"fnMap":{"0":{"name":"(anonymous_0)","decl":{"start":{"line":5,"column":2},"end":{"line":5,"column":3}},"loc":{"start":{"line":5,"column":60},"end":{"line":11,"column":3}},"line":5},"1":{"name":"(anonymous_1)","decl":{"start":{"line":13,"column":2},"end":{"line":13,"column":3}},"loc":{"start":{"line":13,"column":52},"end":{"line":33,"column":3}},"line":13}},"branchMap":{"0":{"loc":{"start":{"line":7,"column":4},"end":{"line":9,"column":5}},"type":"if","locations":[{"start":{"line":7,"column":4},"end":{"line":9,"column":5}},{"start":{},"end":{}}],"line":7},"1":{"loc":{"start":{"line":19,"column":4},"end":{"line":21,"column":5}},"type":"if","locations":[{"start":{"line":19,"column":4},"end":{"line":21,"column":5}},{"start":{},"end":{}}],"line":19}},"s":{"0":0,"1":0,"2":0,"3":0,"4":0,"5":0,"6":0,"7":0,"8":0,"9":0,"10":0,"11":0},"f":{"0":0,"1":0},"b":{"0":[0,0],"1":[0,0]},"_coverageSchema":"1a1c01bbd47fc00a2c39e90264f33305004495a9","hash":"39c4c992a83d1c7a5b9e043b7e5f02bff5a78801"}
,"/Users/allenhuo/Documents/code/bereal-one/src/services/PermissionsService.ts": {"path":"/Users/allenhuo/Documents/code/bereal-one/src/services/PermissionsService.ts","statementMap":{"0":{"start":{"line":8,"column":14},"end":{"line":8,"column":58}},"1":{"start":{"line":9,"column":4},"end":{"line":9,"column":49}}},"fnMap":{"0":{"name":"(anonymous_0)","decl":{"start":{"line":7,"column":2},"end":{"line":7,"column":3}},"loc":{"start":{"line":7,"column":90},"end":{"line":10,"column":3}},"line":7}},"branchMap":{"0":{"loc":{"start":{"line":8,"column":14},"end":{"line":8,"column":58}},"type":"binary-expr","locations":[{"start":{"line":8,"column":14},"end":{"line":8,"column":18}},{"start":{"line":8,"column":23},"end":{"line":8,"column":57}}],"line":8}},"s":{"0":0,"1":0},"f":{"0":0},"b":{"0":[0,0]},"_coverageSchema":"1a1c01bbd47fc00a2c39e90264f33305004495a9","hash":"7331c66e4860fe37ce4d2813e88225b5214daf9c"}
,"/Users/allenhuo/Documents/code/bereal-one/src/services/ProfileService.ts": {"path":"/Users/allenhuo/Documents/code/bereal-one/src/services/ProfileService.ts","statementMap":{"0":{"start":{"line":13,"column":27},"end":{"line":13,"column":67}},"1":{"start":{"line":14,"column":32},"end":{"line":14,"column":72}},"2":{"start":{"line":17,"column":17},"end":{"line":17,"column":44}},"3":{"start":{"line":18,"column":4},"end":{"line":18,"column":57}},"4":{"start":{"line":18,"column":28},"end":{"line":18,"column":47}},"5":{"start":{"line":22,"column":17},"end":{"line":22,"column":65}},"6":{"start":{"line":23,"column":4},"end":{"line":23,"column":32}},"7":{"start":{"line":23,"column":22},"end":{"line":23,"column":32}},"8":{"start":{"line":24,"column":4},"end":{"line":30,"column":5}},"9":{"start":{"line":25,"column":18},"end":{"line":25,"column":71}},"10":{"start":{"line":26,"column":21},"end":{"line":26,"column":60}},"11":{"start":{"line":27,"column":6},"end":{"line":27,"column":35}},"12":{"start":{"line":29,"column":6},"end":{"line":29,"column":16}},"13":{"start":{"line":34,"column":4},"end":{"line":34,"column":89}},"14":{"start":{"line":38,"column":16},"end":{"line":38,"column":43}},"15":{"start":{"line":39,"column":21},"end":{"line":39,"column":57}},"16":{"start":{"line":39,"column":37},"end":{"line":39,"column":56}},"17":{"start":{"line":40,"column":32},"end":{"line":45,"column":5}},"18":{"start":{"line":46,"column":4},"end":{"line":51,"column":5}},"19":{"start":{"line":47,"column":6},"end":{"line":47,"column":21}},"20":{"start":{"line":49,"column":18},"end":{"line":49,"column":59}},"21":{"start":{"line":49,"column":39},"end":{"line":49,"column":58}},"22":{"start":{"line":50,"column":6},"end":{"line":50,"column":22}},"23":{"start":{"line":52,"column":4},"end":{"line":52,"column":29}},"24":{"start":{"line":53,"column":4},"end":{"line":53,"column":16}},"25":{"start":{"line":57,"column":4},"end":{"line":57,"column":28}},"26":{"start":{"line":57,"column":15},"end":{"line":57,"column":28}},"27":{"start":{"line":58,"column":4},"end":{"line":58,"column":43}},"28":{"start":{"line":58,"column":31},"end":{"line":58,"column":43}},"29":{"start":{"line":60,"column":4},"end":{"line":60,"column":48}},"30":{"start":{"line":60,"column":35},"end":{"line":60,"column":48}},"31":{"start":{"line":61,"column":4},"end":{"line":61,"column":57}}},"fnMap":{"0":{"name":"(anonymous_0)","decl":{"start":{"line":16,"column":2},"end":{"line":16,"column":3}},"loc":{"start":{"line":16,"column":73},"end":{"line":19,"column":3}},"line":16},"1":{"name":"(anonymous_1)","decl":{"start":{"line":18,"column":21},"end":{"line":18,"column":22}},"loc":{"start":{"line":18,"column":28},"end":{"line":18,"column":47}},"line":18},"2":{"name":"(anonymous_2)","decl":{"start":{"line":21,"column":2},"end":{"line":21,"column":3}},"loc":{"start":{"line":21,"column":58},"end":{"line":31,"column":3}},"line":21},"3":{"name":"(anonymous_3)","decl":{"start":{"line":33,"column":2},"end":{"line":33,"column":3}},"loc":{"start":{"line":33,"column":74},"end":{"line":35,"column":3}},"line":33},"4":{"name":"(anonymous_4)","decl":{"start":{"line":37,"column":2},"end":{"line":37,"column":3}},"loc":{"start":{"line":37,"column":101},"end":{"line":54,"column":3}},"line":37},"5":{"name":"(anonymous_5)","decl":{"start":{"line":39,"column":30},"end":{"line":39,"column":31}},"loc":{"start":{"line":39,"column":37},"end":{"line":39,"column":56}},"line":39},"6":{"name":"(anonymous_6)","decl":{"start":{"line":49,"column":32},"end":{"line":49,"column":33}},"loc":{"start":{"line":49,"column":39},"end":{"line":49,"column":58}},"line":49},"7":{"name":"(anonymous_7)","decl":{"start":{"line":56,"column":2},"end":{"line":56,"column":3}},"loc":{"start":{"line":56,"column":100},"end":{"line":62,"column":3}},"line":56}},"branchMap":{"0":{"loc":{"start":{"line":18,"column":11},"end":{"line":18,"column":56}},"type":"binary-expr","locations":[{"start":{"line":18,"column":11},"end":{"line":18,"column":48}},{"start":{"line":18,"column":52},"end":{"line":18,"column":56}}],"line":18},"1":{"loc":{"start":{"line":23,"column":4},"end":{"line":23,"column":32}},"type":"if","locations":[{"start":{"line":23,"column":4},"end":{"line":23,"column":32}},{"start":{},"end":{}}],"line":23},"2":{"loc":{"start":{"line":26,"column":32},"end":{"line":26,"column":43}},"type":"binary-expr","locations":[{"start":{"line":26,"column":32},"end":{"line":26,"column":35}},{"start":{"line":26,"column":39},"end":{"line":26,"column":43}}],"line":26},"3":{"loc":{"start":{"line":27,"column":13},"end":{"line":27,"column":34}},"type":"binary-expr","locations":[{"start":{"line":27,"column":13},"end":{"line":27,"column":28}},{"start":{"line":27,"column":32},"end":{"line":27,"column":34}}],"line":27},"4":{"loc":{"start":{"line":42,"column":19},"end":{"line":42,"column":46}},"type":"binary-expr","locations":[{"start":{"line":42,"column":19},"end":{"line":42,"column":40}},{"start":{"line":42,"column":44},"end":{"line":42,"column":46}}],"line":42},"5":{"loc":{"start":{"line":46,"column":4},"end":{"line":51,"column":5}},"type":"if","locations":[{"start":{"line":46,"column":4},"end":{"line":51,"column":5}},{"start":{"line":48,"column":11},"end":{"line":51,"column":5}}],"line":46},"6":{"loc":{"start":{"line":57,"column":4},"end":{"line":57,"column":28}},"type":"if","locations":[{"start":{"line":57,"column":4},"end":{"line":57,"column":28}},{"start":{},"end":{}}],"line":57},"7":{"loc":{"start":{"line":58,"column":4},"end":{"line":58,"column":43}},"type":"if","locations":[{"start":{"line":58,"column":4},"end":{"line":58,"column":43}},{"start":{},"end":{}}],"line":58},"8":{"loc":{"start":{"line":60,"column":4},"end":{"line":60,"column":48}},"type":"if","locations":[{"start":{"line":60,"column":4},"end":{"line":60,"column":48}},{"start":{},"end":{}}],"line":60},"9":{"loc":{"start":{"line":61,"column":11},"end":{"line":61,"column":56}},"type":"binary-expr","locations":[{"start":{"line":61,"column":11},"end":{"line":61,"column":31}},{"start":{"line":61,"column":35},"end":{"line":61,"column":56}}],"line":61}},"s":{"0":5,"1":5,"2":0,"3":0,"4":0,"5":0,"6":0,"7":0,"8":0,"9":0,"10":0,"11":0,"12":0,"13":0,"14":0,"15":0,"16":0,"17":0,"18":0,"19":0,"20":0,"21":0,"22":0,"23":0,"24":0,"25":0,"26":0,"27":0,"28":0,"29":0,"30":0,"31":0},"f":{"0":0,"1":0,"2":0,"3":0,"4":0,"5":0,"6":0,"7":0},"b":{"0":[0,0],"1":[0,0],"2":[0,0],"3":[0,0],"4":[0,0],"5":[0,0],"6":[0,0],"7":[0,0],"8":[0,0],"9":[0,0]},"_coverageSchema":"1a1c01bbd47fc00a2c39e90264f33305004495a9","hash":"edc097bb6ac153281778079f7a4d8f2de29958f4"}
,"/Users/allenhuo/Documents/code/bereal-one/src/services/ReactionsService.ts": {"path":"/Users/allenhuo/Documents/code/bereal-one/src/services/ReactionsService.ts","statementMap":{"0":{"start":{"line":14,"column":27},"end":{"line":14,"column":67}},"1":{"start":{"line":15,"column":24},"end":{"line":15,"column":67}},"2":{"start":{"line":18,"column":4},"end":{"line":18,"column":36}},"3":{"start":{"line":22,"column":17},"end":{"line":22,"column":57}},"4":{"start":{"line":23,"column":4},"end":{"line":23,"column":32}},"5":{"start":{"line":23,"column":22},"end":{"line":23,"column":32}},"6":{"start":{"line":24,"column":4},"end":{"line":30,"column":5}},"7":{"start":{"line":25,"column":18},"end":{"line":25,"column":63}},"8":{"start":{"line":26,"column":21},"end":{"line":26,"column":61}},"9":{"start":{"line":27,"column":6},"end":{"line":27,"column":36}},"10":{"start":{"line":29,"column":6},"end":{"line":29,"column":16}},"11":{"start":{"line":34,"column":20},"end":{"line":34,"column":63}},"12":{"start":{"line":35,"column":4},"end":{"line":37,"column":5}},"13":{"start":{"line":36,"column":6},"end":{"line":36,"column":81}},"14":{"start":{"line":38,"column":4},"end":{"line":38,"column":88}},"15":{"start":{"line":42,"column":17},"end":{"line":42,"column":37}},"16":{"start":{"line":43,"column":42},"end":{"line":43,"column":80}},"17":{"start":{"line":44,"column":29},"end":{"line":44,"column":33}},"18":{"start":{"line":45,"column":4},"end":{"line":49,"column":5}},"19":{"start":{"line":46,"column":6},"end":{"line":46,"column":42}},"20":{"start":{"line":46,"column":33},"end":{"line":46,"column":42}},"21":{"start":{"line":47,"column":6},"end":{"line":47,"column":51}},"22":{"start":{"line":48,"column":6},"end":{"line":48,"column":52}},"23":{"start":{"line":48,"column":37},"end":{"line":48,"column":52}},"24":{"start":{"line":50,"column":4},"end":{"line":50,"column":28}},"25":{"start":{"line":54,"column":17},"end":{"line":54,"column":37}},"26":{"start":{"line":56,"column":24},"end":{"line":56,"column":91}},"27":{"start":{"line":56,"column":43},"end":{"line":56,"column":90}},"28":{"start":{"line":58,"column":21},"end":{"line":58,"column":83}},"29":{"start":{"line":58,"column":38},"end":{"line":58,"column":82}},"30":{"start":{"line":59,"column":4},"end":{"line":61,"column":5}},"31":{"start":{"line":60,"column":6},"end":{"line":60,"column":51}},"32":{"start":{"line":62,"column":4},"end":{"line":62,"column":37}}},"fnMap":{"0":{"name":"(anonymous_0)","decl":{"start":{"line":17,"column":2},"end":{"line":17,"column":3}},"loc":{"start":{"line":17,"column":34},"end":{"line":19,"column":3}},"line":17},"1":{"name":"(anonymous_1)","decl":{"start":{"line":21,"column":2},"end":{"line":21,"column":3}},"loc":{"start":{"line":21,"column":60},"end":{"line":31,"column":3}},"line":21},"2":{"name":"(anonymous_2)","decl":{"start":{"line":33,"column":2},"end":{"line":33,"column":3}},"loc":{"start":{"line":33,"column":71},"end":{"line":39,"column":3}},"line":33},"3":{"name":"(anonymous_3)","decl":{"start":{"line":41,"column":2},"end":{"line":41,"column":3}},"loc":{"start":{"line":41,"column":129},"end":{"line":51,"column":3}},"line":41},"4":{"name":"(anonymous_4)","decl":{"start":{"line":53,"column":2},"end":{"line":53,"column":3}},"loc":{"start":{"line":53,"column":84},"end":{"line":63,"column":3}},"line":53},"5":{"name":"(anonymous_5)","decl":{"start":{"line":56,"column":36},"end":{"line":56,"column":37}},"loc":{"start":{"line":56,"column":43},"end":{"line":56,"column":90}},"line":56},"6":{"name":"(anonymous_6)","decl":{"start":{"line":58,"column":31},"end":{"line":58,"column":32}},"loc":{"start":{"line":58,"column":38},"end":{"line":58,"column":82}},"line":58}},"branchMap":{"0":{"loc":{"start":{"line":23,"column":4},"end":{"line":23,"column":32}},"type":"if","locations":[{"start":{"line":23,"column":4},"end":{"line":23,"column":32}},{"start":{},"end":{}}],"line":23},"1":{"loc":{"start":{"line":26,"column":32},"end":{"line":26,"column":43}},"type":"binary-expr","locations":[{"start":{"line":26,"column":32},"end":{"line":26,"column":35}},{"start":{"line":26,"column":39},"end":{"line":26,"column":43}}],"line":26},"2":{"loc":{"start":{"line":27,"column":13},"end":{"line":27,"column":35}},"type":"binary-expr","locations":[{"start":{"line":27,"column":13},"end":{"line":27,"column":29}},{"start":{"line":27,"column":33},"end":{"line":27,"column":35}}],"line":27},"3":{"loc":{"start":{"line":35,"column":4},"end":{"line":37,"column":5}},"type":"if","locations":[{"start":{"line":35,"column":4},"end":{"line":37,"column":5}},{"start":{},"end":{}}],"line":35},"4":{"loc":{"start":{"line":46,"column":6},"end":{"line":46,"column":42}},"type":"if","locations":[{"start":{"line":46,"column":6},"end":{"line":46,"column":42}},{"start":{},"end":{}}],"line":46},"5":{"loc":{"start":{"line":47,"column":25},"end":{"line":47,"column":45}},"type":"binary-expr","locations":[{"start":{"line":47,"column":25},"end":{"line":47,"column":40}},{"start":{"line":47,"column":44},"end":{"line":47,"column":45}}],"line":47},"6":{"loc":{"start":{"line":48,"column":6},"end":{"line":48,"column":52}},"type":"if","locations":[{"start":{"line":48,"column":6},"end":{"line":48,"column":52}},{"start":{},"end":{}}],"line":48},"7":{"loc":{"start":{"line":56,"column":45},"end":{"line":56,"column":89}},"type":"binary-expr","locations":[{"start":{"line":56,"column":45},"end":{"line":56,"column":66}},{"start":{"line":56,"column":70},"end":{"line":56,"column":89}}],"line":56},"8":{"loc":{"start":{"line":58,"column":38},"end":{"line":58,"column":82}},"type":"binary-expr","locations":[{"start":{"line":58,"column":38},"end":{"line":58,"column":59}},{"start":{"line":58,"column":63},"end":{"line":58,"column":82}}],"line":58},"9":{"loc":{"start":{"line":59,"column":4},"end":{"line":61,"column":5}},"type":"if","locations":[{"start":{"line":59,"column":4},"end":{"line":61,"column":5}},{"start":{},"end":{}}],"line":59},"10":{"loc":{"start":{"line":59,"column":8},"end":{"line":59,"column":45}},"type":"binary-expr","locations":[{"start":{"line":59,"column":8},"end":{"line":59,"column":17}},{"start":{"line":59,"column":21},"end":{"line":59,"column":45}}],"line":59}},"s":{"0":3,"1":3,"2":0,"3":0,"4":0,"5":0,"6":0,"7":0,"8":0,"9":0,"10":0,"11":0,"12":0,"13":0,"14":0,"15":0,"16":0,"17":0,"18":0,"19":0,"20":0,"21":0,"22":0,"23":0,"24":0,"25":0,"26":0,"27":0,"28":0,"29":0,"30":0,"31":0,"32":0},"f":{"0":0,"1":0,"2":0,"3":0,"4":0,"5":0,"6":0},"b":{"0":[0,0],"1":[0,0],"2":[0,0],"3":[0,0],"4":[0,0],"5":[0,0],"6":[0,0],"7":[0,0],"8":[0,0],"9":[0,0],"10":[0,0]},"_coverageSchema":"1a1c01bbd47fc00a2c39e90264f33305004495a9","hash":"6c93446d49ade29c12c476bed24be20e4d66ebeb"}
,"/Users/allenhuo/Documents/code/bereal-one/src/services/TimelineService.ts": {"path":"/Users/allenhuo/Documents/code/bereal-one/src/services/TimelineService.ts","statementMap":{"0":{"start":{"line":18,"column":24},"end":{"line":18,"column":25}},"1":{"start":{"line":19,"column":28},"end":{"line":19,"column":30}},"2":{"start":{"line":20,"column":47},"end":{"line":20,"column":49}},"3":{"start":{"line":21,"column":62},"end":{"line":21,"column":68}},"4":{"start":{"line":24,"column":4},"end":{"line":24,"column":18}},"5":{"start":{"line":25,"column":4},"end":{"line":25,"column":20}},"6":{"start":{"line":29,"column":4},"end":{"line":29,"column":23}},"7":{"start":{"line":30,"column":4},"end":{"line":30,"column":17}},"8":{"start":{"line":34,"column":4},"end":{"line":34,"column":42}},"9":{"start":{"line":35,"column":19},"end":{"line":35,"column":44}},"10":{"start":{"line":36,"column":24},"end":{"line":36,"column":58}},"11":{"start":{"line":37,"column":18},"end":{"line":37,"column":46}},"12":{"start":{"line":39,"column":88},"end":{"line":39,"column":90}},"13":{"start":{"line":41,"column":24},"end":{"line":48,"column":5}},"14":{"start":{"line":42,"column":6},"end":{"line":47,"column":7}},"15":{"start":{"line":43,"column":22},"end":{"line":43,"column":98}},"16":{"start":{"line":43,"column":79},"end":{"line":43,"column":97}},"17":{"start":{"line":44,"column":8},"end":{"line":44,"column":81}},"18":{"start":{"line":44,"column":34},"end":{"line":44,"column":81}},"19":{"start":{"line":50,"column":4},"end":{"line":66,"column":5}},"20":{"start":{"line":51,"column":36},"end":{"line":51,"column":120}},"21":{"start":{"line":52,"column":6},"end":{"line":54,"column":7}},"22":{"start":{"line":53,"column":8},"end":{"line":53,"column":124}},"23":{"start":{"line":53,"column":83},"end":{"line":53,"column":106}},"24":{"start":{"line":55,"column":11},"end":{"line":66,"column":5}},"25":{"start":{"line":56,"column":23},"end":{"line":56,"column":40}},"26":{"start":{"line":57,"column":18},"end":{"line":57,"column":74}},"27":{"start":{"line":58,"column":20},"end":{"line":58,"column":75}},"28":{"start":{"line":58,"column":38},"end":{"line":58,"column":55}},"29":{"start":{"line":59,"column":6},"end":{"line":59,"column":46}},"30":{"start":{"line":62,"column":6},"end":{"line":65,"column":7}},"31":{"start":{"line":63,"column":20},"end":{"line":63,"column":72}},"32":{"start":{"line":64,"column":8},"end":{"line":64,"column":46}},"33":{"start":{"line":69,"column":4},"end":{"line":69,"column":55}},"34":{"start":{"line":69,"column":28},"end":{"line":69,"column":52}},"35":{"start":{"line":70,"column":22},"end":{"line":70,"column":67}},"36":{"start":{"line":72,"column":4},"end":{"line":83,"column":5}},"37":{"start":{"line":73,"column":20},"end":{"line":73,"column":85}},"38":{"start":{"line":74,"column":6},"end":{"line":74,"column":27}},"39":{"start":{"line":74,"column":18},"end":{"line":74,"column":27}},"40":{"start":{"line":75,"column":51},"end":{"line":75,"column":56}},"41":{"start":{"line":76,"column":18},"end":{"line":76,"column":51}},"42":{"start":{"line":77,"column":18},"end":{"line":77,"column":33}},"43":{"start":{"line":78,"column":26},"end":{"line":78,"column":159}},"44":{"start":{"line":79,"column":26},"end":{"line":79,"column":91}},"45":{"start":{"line":80,"column":6},"end":{"line":80,"column":122}},"46":{"start":{"line":81,"column":6},"end":{"line":81,"column":78}},"47":{"start":{"line":81,"column":30},"end":{"line":81,"column":78}},"48":{"start":{"line":82,"column":6},"end":{"line":82,"column":76}},"49":{"start":{"line":82,"column":29},"end":{"line":82,"column":76}},"50":{"start":{"line":85,"column":4},"end":{"line":85,"column":19}},"51":{"start":{"line":89,"column":4},"end":{"line":89,"column":78}},"52":{"start":{"line":89,"column":53},"end":{"line":89,"column":75}}},"fnMap":{"0":{"name":"(anonymous_0)","decl":{"start":{"line":23,"column":2},"end":{"line":23,"column":3}},"loc":{"start":{"line":23,"column":17},"end":{"line":26,"column":3}},"line":23},"1":{"name":"(anonymous_1)","decl":{"start":{"line":28,"column":2},"end":{"line":28,"column":3}},"loc":{"start":{"line":28,"column":62},"end":{"line":31,"column":3}},"line":28},"2":{"name":"(anonymous_2)","decl":{"start":{"line":33,"column":2},"end":{"line":33,"column":3}},"loc":{"start":{"line":33,"column":45},"end":{"line":86,"column":3}},"line":33},"3":{"name":"(anonymous_3)","decl":{"start":{"line":41,"column":24},"end":{"line":41,"column":25}},"loc":{"start":{"line":41,"column":82},"end":{"line":48,"column":5}},"line":41},"4":{"name":"(anonymous_4)","decl":{"start":{"line":43,"column":72},"end":{"line":43,"column":73}},"loc":{"start":{"line":43,"column":79},"end":{"line":43,"column":97}},"line":43},"5":{"name":"(anonymous_5)","decl":{"start":{"line":53,"column":76},"end":{"line":53,"column":77}},"loc":{"start":{"line":53,"column":83},"end":{"line":53,"column":106}},"line":53},"6":{"name":"(anonymous_6)","decl":{"start":{"line":58,"column":31},"end":{"line":58,"column":32}},"loc":{"start":{"line":58,"column":38},"end":{"line":58,"column":55}},"line":58},"7":{"name":"(anonymous_7)","decl":{"start":{"line":69,"column":17},"end":{"line":69,"column":18}},"loc":{"start":{"line":69,"column":28},"end":{"line":69,"column":52}},"line":69},"8":{"name":"(anonymous_8)","decl":{"start":{"line":88,"column":2},"end":{"line":88,"column":3}},"loc":{"start":{"line":88,"column":32},"end":{"line":90,"column":3}},"line":88},"9":{"name":"(anonymous_9)","decl":{"start":{"line":89,"column":42},"end":{"line":89,"column":43}},"loc":{"start":{"line":89,"column":53},"end":{"line":89,"column":75}},"line":89}},"branchMap":{"0":{"loc":{"start":{"line":50,"column":4},"end":{"line":66,"column":5}},"type":"if","locations":[{"start":{"line":50,"column":4},"end":{"line":66,"column":5}},{"start":{"line":55,"column":11},"end":{"line":66,"column":5}}],"line":50},"1":{"loc":{"start":{"line":51,"column":36},"end":{"line":51,"column":120}},"type":"binary-expr","locations":[{"start":{"line":51,"column":36},"end":{"line":51,"column":85}},{"start":{"line":51,"column":89},"end":{"line":51,"column":120}}],"line":51},"2":{"loc":{"start":{"line":52,"column":6},"end":{"line":54,"column":7}},"type":"if","locations":[{"start":{"line":52,"column":6},"end":{"line":54,"column":7}},{"start":{},"end":{}}],"line":52},"3":{"loc":{"start":{"line":53,"column":65},"end":{"line":53,"column":122}},"type":"binary-expr","locations":[{"start":{"line":53,"column":65},"end":{"line":53,"column":114}},{"start":{"line":53,"column":118},"end":{"line":53,"column":122}}],"line":53},"4":{"loc":{"start":{"line":55,"column":11},"end":{"line":66,"column":5}},"type":"if","locations":[{"start":{"line":55,"column":11},"end":{"line":66,"column":5}},{"start":{"line":60,"column":11},"end":{"line":66,"column":5}}],"line":55},"5":{"loc":{"start":{"line":55,"column":15},"end":{"line":55,"column":71}},"type":"binary-expr","locations":[{"start":{"line":55,"column":15},"end":{"line":55,"column":45}},{"start":{"line":55,"column":49},"end":{"line":55,"column":71}}],"line":55},"6":{"loc":{"start":{"line":58,"column":20},"end":{"line":58,"column":75}},"type":"binary-expr","locations":[{"start":{"line":58,"column":20},"end":{"line":58,"column":63}},{"start":{"line":58,"column":67},"end":{"line":58,"column":75}}],"line":58},"7":{"loc":{"start":{"line":69,"column":28},"end":{"line":69,"column":52}},"type":"cond-expr","locations":[{"start":{"line":69,"column":46},"end":{"line":69,"column":47}},{"start":{"line":69,"column":50},"end":{"line":69,"column":52}}],"line":69},"8":{"loc":{"start":{"line":74,"column":6},"end":{"line":74,"column":27}},"type":"if","locations":[{"start":{"line":74,"column":6},"end":{"line":74,"column":27}},{"start":{},"end":{}}],"line":74},"9":{"loc":{"start":{"line":79,"column":26},"end":{"line":79,"column":91}},"type":"cond-expr","locations":[{"start":{"line":79,"column":48},"end":{"line":79,"column":57}},{"start":{"line":79,"column":60},"end":{"line":79,"column":91}}],"line":79},"10":{"loc":{"start":{"line":80,"column":24},"end":{"line":80,"column":121}},"type":"binary-expr","locations":[{"start":{"line":80,"column":24},"end":{"line":80,"column":39}},{"start":{"line":80,"column":43},"end":{"line":80,"column":121}}],"line":80},"11":{"loc":{"start":{"line":81,"column":6},"end":{"line":81,"column":78}},"type":"if","locations":[{"start":{"line":81,"column":6},"end":{"line":81,"column":78}},{"start":{},"end":{}}],"line":81},"12":{"loc":{"start":{"line":82,"column":6},"end":{"line":82,"column":76}},"type":"if","locations":[{"start":{"line":82,"column":6},"end":{"line":82,"column":76}},{"start":{},"end":{}}],"line":82},"13":{"loc":{"start":{"line":89,"column":53},"end":{"line":89,"column":75}},"type":"cond-expr","locations":[{"start":{"line":89,"column":69},"end":{"line":89,"column":70}},{"start":{"line":89,"column":73},"end":{"line":89,"column":75}}],"line":89}},"s":{"0":3,"1":3,"2":3,"3":3,"4":0,"5":0,"6":0,"7":0,"8":0,"9":0,"10":0,"11":0,"12":0,"13":0,"14":0,"15":0,"16":0,"17":0,"18":0,"19":0,"20":0,"21":0,"22":0,"23":0,"24":0,"25":0,"26":0,"27":0,"28":0,"29":0,"30":0,"31":0,"32":0,"33":0,"34":0,"35":0,"36":0,"37":0,"38":0,"39":0,"40":0,"41":0,"42":0,"43":0,"44":0,"45":0,"46":0,"47":0,"48":0,"49":0,"50":0,"51":0,"52":0},"f":{"0":0,"1":0,"2":0,"3":0,"4":0,"5":0,"6":0,"7":0,"8":0,"9":0},"b":{"0":[0,0],"1":[0,0],"2":[0,0],"3":[0,0],"4":[0,0],"5":[0,0],"6":[0,0],"7":[0,0],"8":[0,0],"9":[0,0],"10":[0,0],"11":[0,0],"12":[0,0],"13":[0,0]},"_coverageSchema":"1a1c01bbd47fc00a2c39e90264f33305004495a9","hash":"36a3d4b7ee856782a54fb6c7c3472a2cdaa6a6dc"}
,"/Users/allenhuo/Documents/code/bereal-one/src/services/context/AuthContext.tsx": {"path":"/Users/allenhuo/Documents/code/bereal-one/src/services/context/AuthContext.tsx","statementMap":{"0":{"start":{"line":13,"column":20},"end":{"line":13,"column":74}},"1":{"start":{"line":15,"column":69},"end":{"line":50,"column":1}},"2":{"start":{"line":16,"column":26},"end":{"line":16,"column":59}},"3":{"start":{"line":17,"column":32},"end":{"line":17,"column":46}},"4":{"start":{"line":19,"column":18},"end":{"line":24,"column":3}},"5":{"start":{"line":20,"column":4},"end":{"line":20,"column":21}},"6":{"start":{"line":21,"column":14},"end":{"line":21,"column":48}},"7":{"start":{"line":22,"column":4},"end":{"line":22,"column":15}},"8":{"start":{"line":23,"column":4},"end":{"line":23,"column":22}},"9":{"start":{"line":26,"column":2},"end":{"line":28,"column":9}},"10":{"start":{"line":27,"column":4},"end":{"line":27,"column":14}},"11":{"start":{"line":30,"column":16},"end":{"line":33,"column":3}},"12":{"start":{"line":31,"column":14},"end":{"line":31,"column":54}},"13":{"start":{"line":32,"column":4},"end":{"line":32,"column":15}},"14":{"start":{"line":35,"column":17},"end":{"line":38,"column":3}},"15":{"start":{"line":36,"column":14},"end":{"line":36,"column":55}},"16":{"start":{"line":37,"column":4},"end":{"line":37,"column":15}},"17":{"start":{"line":40,"column":17},"end":{"line":43,"column":3}},"18":{"start":{"line":41,"column":4},"end":{"line":41,"column":31}},"19":{"start":{"line":42,"column":4},"end":{"line":42,"column":18}},"20":{"start":{"line":45,"column":2},"end":{"line":49,"column":4}},"21":{"start":{"line":52,"column":23},"end":{"line":56,"column":1}},"22":{"start":{"line":53,"column":14},"end":{"line":53,"column":37}},"23":{"start":{"line":54,"column":2},"end":{"line":54,"column":72}},"24":{"start":{"line":54,"column":12},"end":{"line":54,"column":72}},"25":{"start":{"line":55,"column":2},"end":{"line":55,"column":13}}},"fnMap":{"0":{"name":"(anonymous_0)","decl":{"start":{"line":15,"column":69},"end":{"line":15,"column":70}},"loc":{"start":{"line":15,"column":87},"end":{"line":50,"column":1}},"line":15},"1":{"name":"(anonymous_1)","decl":{"start":{"line":19,"column":18},"end":{"line":19,"column":19}},"loc":{"start":{"line":19,"column":30},"end":{"line":24,"column":3}},"line":19},"2":{"name":"(anonymous_2)","decl":{"start":{"line":26,"column":12},"end":{"line":26,"column":13}},"loc":{"start":{"line":26,"column":18},"end":{"line":28,"column":3}},"line":26},"3":{"name":"(anonymous_3)","decl":{"start":{"line":30,"column":16},"end":{"line":30,"column":17}},"loc":{"start":{"line":30,"column":59},"end":{"line":33,"column":3}},"line":30},"4":{"name":"(anonymous_4)","decl":{"start":{"line":35,"column":17},"end":{"line":35,"column":18}},"loc":{"start":{"line":35,"column":60},"end":{"line":38,"column":3}},"line":35},"5":{"name":"(anonymous_5)","decl":{"start":{"line":40,"column":17},"end":{"line":40,"column":18}},"loc":{"start":{"line":40,"column":29},"end":{"line":43,"column":3}},"line":40},"6":{"name":"(anonymous_6)","decl":{"start":{"line":52,"column":23},"end":{"line":52,"column":24}},"loc":{"start":{"line":52,"column":29},"end":{"line":56,"column":1}},"line":52}},"branchMap":{"0":{"loc":{"start":{"line":54,"column":2},"end":{"line":54,"column":72}},"type":"if","locations":[{"start":{"line":54,"column":2},"end":{"line":54,"column":72}},{"start":{},"end":{}}],"line":54}},"s":{"0":5,"1":5,"2":0,"3":0,"4":0,"5":0,"6":0,"7":0,"8":0,"9":0,"10":0,"11":0,"12":0,"13":0,"14":0,"15":0,"16":0,"17":0,"18":0,"19":0,"20":0,"21":5,"22":0,"23":0,"24":0,"25":0},"f":{"0":0,"1":0,"2":0,"3":0,"4":0,"5":0,"6":0},"b":{"0":[0,0]},"_coverageSchema":"1a1c01bbd47fc00a2c39e90264f33305004495a9","hash":"7b4eadb825f8af320a67748557c10c7645d900b8"}
,"/Users/allenhuo/Documents/code/bereal-one/src/test-utils/fsTestHelpers.ts": {"path":"/Users/allenhuo/Documents/code/bereal-one/src/test-utils/fsTestHelpers.ts","statementMap":{"0":{"start":{"line":4,"column":17},"end":{"line":4,"column":51}},"1":{"start":{"line":5,"column":11},"end":{"line":5,"column":53}},"2":{"start":{"line":8,"column":1},"end":{"line":8,"column":14}},"3":{"start":{"line":12,"column":1},"end":{"line":12,"column":57}},"4":{"start":{"line":16,"column":1},"end":{"line":16,"column":58}},"5":{"start":{"line":17,"column":1},"end":{"line":17,"column":97}},"6":{"start":{"line":21,"column":1},"end":{"line":21,"column":64}},"7":{"start":{"line":25,"column":1},"end":{"line":25,"column":66}},"8":{"start":{"line":29,"column":1},"end":{"line":29,"column":81}}},"fnMap":{"0":{"name":"resetFs","decl":{"start":{"line":7,"column":16},"end":{"line":7,"column":23}},"loc":{"start":{"line":7,"column":26},"end":{"line":9,"column":1}},"line":7},"1":{"name":"writeJson","decl":{"start":{"line":11,"column":16},"end":{"line":11,"column":25}},"loc":{"start":{"line":11,"column":54},"end":{"line":13,"column":1}},"line":11},"2":{"name":"seedUsers","decl":{"start":{"line":15,"column":22},"end":{"line":15,"column":31}},"loc":{"start":{"line":15,"column":106},"end":{"line":18,"column":1}},"line":15},"3":{"name":"seedProfiles","decl":{"start":{"line":20,"column":22},"end":{"line":20,"column":34}},"loc":{"start":{"line":20,"column":52},"end":{"line":22,"column":1}},"line":20},"4":{"name":"seedReactions","decl":{"start":{"line":24,"column":22},"end":{"line":24,"column":35}},"loc":{"start":{"line":24,"column":54},"end":{"line":26,"column":1}},"line":24},"5":{"name":"seedPhoto","decl":{"start":{"line":28,"column":22},"end":{"line":28,"column":31}},"loc":{"start":{"line":28,"column":62},"end":{"line":30,"column":1}},"line":28}},"branchMap":{"0":{"loc":{"start":{"line":5,"column":11},"end":{"line":5,"column":53}},"type":"binary-expr","locations":[{"start":{"line":5,"column":11},"end":{"line":5,"column":19}},{"start":{"line":5,"column":24},"end":{"line":5,"column":40}},{"start":{"line":5,"column":44},"end":{"line":5,"column":52}}],"line":5},"1":{"loc":{"start":{"line":15,"column":34},"end":{"line":15,"column":44}},"type":"default-arg","locations":[{"start":{"line":15,"column":42},"end":{"line":15,"column":44}}],"line":15},"2":{"loc":{"start":{"line":17,"column":49},"end":{"line":17,"column":95}},"type":"cond-expr","locations":[{"start":{"line":17,"column":65},"end":{"line":17,"column":90}},{"start":{"line":17,"column":93},"end":{"line":17,"column":95}}],"line":17}},"s":{"0":5,"1":5,"2":13,"3":0,"4":0,"5":0,"6":0,"7":0,"8":0},"f":{"0":13,"1":0,"2":0,"3":0,"4":0,"5":0},"b":{"0":[5,5,5],"1":[0],"2":[0,0]},"_coverageSchema":"1a1c01bbd47fc00a2c39e90264f33305004495a9","hash":"056baf3c8e58200cfa5156f54f8c656f4380883b"}
,"/Users/allenhuo/Documents/code/bereal-one/src/test-utils/render.tsx": {"path":"/Users/allenhuo/Documents/code/bereal-one/src/test-utils/render.tsx","statementMap":{"0":{"start":{"line":8,"column":1},"end":{"line":15,"column":3}}},"fnMap":{"0":{"name":"render","decl":{"start":{"line":7,"column":16},"end":{"line":7,"column":22}},"loc":{"start":{"line":7,"column":90},"end":{"line":16,"column":1}},"line":7}},"branchMap":{},"s":{"0":0},"f":{"0":0},"b":{},"_coverageSchema":"1a1c01bbd47fc00a2c39e90264f33305004495a9","hash":"88a4b4a584e0cb85eb47f8c799d4c12d4b027cb5"}
,"/Users/allenhuo/Documents/code/bereal-one/src/test-utils/fixtures/index.ts": {"path":"/Users/allenhuo/Documents/code/bereal-one/src/test-utils/fixtures/index.ts","statementMap":{"0":{"start":{"line":4,"column":13},"end":{"line":4,"column":31}},"1":{"start":{"line":5,"column":14},"end":{"line":5,"column":33}},"2":{"start":{"line":6,"column":16},"end":{"line":6,"column":37}},"3":{"start":{"line":7,"column":17},"end":{"line":7,"column":39}},"4":{"start":{"line":8,"column":18},"end":{"line":8,"column":41}},"5":{"start":{"line":11,"column":1},"end":{"line":11,"column":11}},"6":{"start":{"line":12,"column":1},"end":{"line":12,"column":39}},"7":{"start":{"line":13,"column":1},"end":{"line":13,"column":30}},"8":{"start":{"line":14,"column":1},"end":{"line":14,"column":45}},"9":{"start":{"line":15,"column":1},"end":{"line":15,"column":47}},"10":{"start":{"line":21,"column":12},"end":{"line":21,"column":46}},"11":{"start":{"line":22,"column":1},"end":{"line":22,"column":20}},"12":{"start":{"line":23,"column":1},"end":{"line":23,"column":48}},"13":{"start":{"line":24,"column":1},"end":{"line":24,"column":27}},"14":{"start":{"line":36,"column":12},"end":{"line":36,"column":46}},"15":{"start":{"line":37,"column":1},"end":{"line":37,"column":22}},"16":{"start":{"line":38,"column":1},"end":{"line":38,"column":38}},"17":{"start":{"line":39,"column":1},"end":{"line":39,"column":62}},"18":{"start":{"line":39,"column":23},"end":{"line":39,"column":62}},"19":{"start":{"line":40,"column":1},"end":{"line":40,"column":27}},"20":{"start":{"line":73,"column":1},"end":{"line":73,"column":11}},"21":{"start":{"line":74,"column":22},"end":{"line":81,"column":4}},"22":{"start":{"line":74,"column":43},"end":{"line":81,"column":2}},"23":{"start":{"line":82,"column":1},"end":{"line":82,"column":57}},"24":{"start":{"line":83,"column":1},"end":{"line":83,"column":52}},"25":{"start":{"line":83,"column":23},"end":{"line":83,"column":52}},"26":{"start":{"line":84,"column":1},"end":{"line":84,"column":55}},"27":{"start":{"line":84,"column":24},"end":{"line":84,"column":55}},"28":{"start":{"line":86,"column":1},"end":{"line":95,"column":2}},"29":{"start":{"line":87,"column":2},"end":{"line":94,"column":3}},"30":{"start":{"line":88,"column":19},"end":{"line":88,"column":57}},"31":{"start":{"line":89,"column":18},"end":{"line":89,"column":89}},"32":{"start":{"line":90,"column":20},"end":{"line":90,"column":66}},"33":{"start":{"line":91,"column":21},"end":{"line":91,"column":68}},"34":{"start":{"line":92,"column":3},"end":{"line":92,"column":83}},"35":{"start":{"line":92,"column":28},"end":{"line":92,"column":83}},"36":{"start":{"line":93,"column":3},"end":{"line":93,"column":85}},"37":{"start":{"line":93,"column":29},"end":{"line":93,"column":85}},"38":{"start":{"line":99,"column":24},"end":{"line":104,"column":1}}},"fnMap":{"0":{"name":"installEmptyState","decl":{"start":{"line":10,"column":22},"end":{"line":10,"column":39}},"loc":{"start":{"line":10,"column":42},"end":{"line":16,"column":1}},"line":10},"1":{"name":"installLoadingState","decl":{"start":{"line":18,"column":22},"end":{"line":18,"column":41}},"loc":{"start":{"line":18,"column":88},"end":{"line":25,"column":1}},"line":18},"2":{"name":"installErrorState","decl":{"start":{"line":27,"column":22},"end":{"line":27,"column":39}},"loc":{"start":{"line":33,"column":8},"end":{"line":41,"column":1}},"line":33},"3":{"name":"installPopulatedState","decl":{"start":{"line":60,"column":22},"end":{"line":60,"column":43}},"loc":{"start":{"line":72,"column":3},"end":{"line":96,"column":1}},"line":72},"4":{"name":"(anonymous_4)","decl":{"start":{"line":74,"column":32},"end":{"line":74,"column":33}},"loc":{"start":{"line":74,"column":43},"end":{"line":81,"column":2}},"line":74}},"branchMap":{"0":{"loc":{"start":{"line":18,"column":42},"end":{"line":18,"column":86}},"type":"default-arg","locations":[{"start":{"line":18,"column":84},"end":{"line":18,"column":86}}],"line":18},"1":{"loc":{"start":{"line":18,"column":44},"end":{"line":18,"column":57}},"type":"default-arg","locations":[{"start":{"line":18,"column":54},"end":{"line":18,"column":57}}],"line":18},"2":{"loc":{"start":{"line":27,"column":40},"end":{"line":33,"column":6}},"type":"default-arg","locations":[{"start":{"line":33,"column":4},"end":{"line":33,"column":6}}],"line":27},"3":{"loc":{"start":{"line":28,"column":1},"end":{"line":28,"column":41}},"type":"default-arg","locations":[{"start":{"line":28,"column":19},"end":{"line":28,"column":41}}],"line":28},"4":{"loc":{"start":{"line":39,"column":1},"end":{"line":39,"column":62}},"type":"if","locations":[{"start":{"line":39,"column":1},"end":{"line":39,"column":62}},{"start":{},"end":{}}],"line":39},"5":{"loc":{"start":{"line":77,"column":16},"end":{"line":77,"column":40}},"type":"binary-expr","locations":[{"start":{"line":77,"column":16},"end":{"line":77,"column":30}},{"start":{"line":77,"column":34},"end":{"line":77,"column":40}}],"line":77},"6":{"loc":{"start":{"line":78,"column":8},"end":{"line":78,"column":24}},"type":"binary-expr","locations":[{"start":{"line":78,"column":8},"end":{"line":78,"column":14}},{"start":{"line":78,"column":18},"end":{"line":78,"column":24}}],"line":78},"7":{"loc":{"start":{"line":79,"column":8},"end":{"line":79,"column":48}},"type":"binary-expr","locations":[{"start":{"line":79,"column":8},"end":{"line":79,"column":14}},{"start":{"line":79,"column":19},"end":{"line":79,"column":47}}],"line":79},"8":{"loc":{"start":{"line":79,"column":19},"end":{"line":79,"column":47}},"type":"cond-expr","locations":[{"start":{"line":79,"column":29},"end":{"line":79,"column":36}},{"start":{"line":79,"column":39},"end":{"line":79,"column":47}}],"line":79},"9":{"loc":{"start":{"line":80,"column":13},"end":{"line":80,"column":49}},"type":"binary-expr","locations":[{"start":{"line":80,"column":13},"end":{"line":80,"column":24}},{"start":{"line":80,"column":28},"end":{"line":80,"column":49}}],"line":80},"10":{"loc":{"start":{"line":83,"column":1},"end":{"line":83,"column":52}},"type":"if","locations":[{"start":{"line":83,"column":1},"end":{"line":83,"column":52}},{"start":{},"end":{}}],"line":83},"11":{"loc":{"start":{"line":84,"column":1},"end":{"line":84,"column":55}},"type":"if","locations":[{"start":{"line":84,"column":1},"end":{"line":84,"column":55}},{"start":{},"end":{}}],"line":84},"12":{"loc":{"start":{"line":86,"column":1},"end":{"line":95,"column":2}},"type":"if","locations":[{"start":{"line":86,"column":1},"end":{"line":95,"column":2}},{"start":{},"end":{}}],"line":86},"13":{"loc":{"start":{"line":89,"column":18},"end":{"line":89,"column":89}},"type":"cond-expr","locations":[{"start":{"line":89,"column":55},"end":{"line":89,"column":78}},{"start":{"line":89,"column":81},"end":{"line":89,"column":89}}],"line":89},"14":{"loc":{"start":{"line":89,"column":18},"end":{"line":89,"column":52}},"type":"binary-expr","locations":[{"start":{"line":89,"column":18},"end":{"line":89,"column":31}},{"start":{"line":89,"column":35},"end":{"line":89,"column":52}}],"line":89},"15":{"loc":{"start":{"line":92,"column":3},"end":{"line":92,"column":83}},"type":"if","locations":[{"start":{"line":92,"column":3},"end":{"line":92,"column":83}},{"start":{},"end":{}}],"line":92},"16":{"loc":{"start":{"line":93,"column":3},"end":{"line":93,"column":85}},"type":"if","locations":[{"start":{"line":93,"column":3},"end":{"line":93,"column":85}},{"start":{},"end":{}}],"line":93}},"s":{"0":5,"1":5,"2":5,"3":5,"4":5,"5":5,"6":0,"7":0,"8":0,"9":0,"10":1,"11":1,"12":0,"13":0,"14":2,"15":2,"16":0,"17":0,"18":0,"19":0,"20":8,"21":0,"22":0,"23":0,"24":0,"25":0,"26":0,"27":0,"28":0,"29":0,"30":0,"31":0,"32":0,"33":0,"34":0,"35":0,"36":0,"37":0,"38":5},"f":{"0":5,"1":1,"2":2,"3":8,"4":0},"b":{"0":[0],"1":[0],"2":[0],"3":[0],"4":[0,0],"5":[0,0],"6":[0,0],"7":[0,0],"8":[0,0],"9":[0,0],"10":[0,0],"11":[0,0],"12":[0,0],"13":[0,0],"14":[0,0],"15":[0,0],"16":[0,0]},"_coverageSchema":"1a1c01bbd47fc00a2c39e90264f33305004495a9","hash":"a88db10b0c925e74a1fbab236d368625540cd6de"}
}
